2023-09-25 13:57:32 INFO  Tcarts_FP:25 - URL
2023-09-25 13:57:34 INFO  Tcarts_FP:39 - Login
2023-09-25 13:57:34 INFO  Tcarts_FP:56 - Dashboard
2023-09-25 13:57:39 INFO  Tcarts_FP:90 - Sales
2023-09-25 13:57:40 INFO  Tcarts_FP:364 - GST
2023-09-25 13:57:46 INFO  Tcarts_FP:495 - AppFeedback
2023-09-25 13:57:48 INFO  Tcarts_FP:530 - Logout
2023-09-25 14:28:57 INFO  Tcarts_FP:25 - URL
2023-09-25 14:28:59 INFO  Tcarts_FP:39 - Login
2023-09-25 14:28:59 INFO  Tcarts_FP:364 - GST
2023-09-25 14:29:05 INFO  Tcarts_FP:495 - AppFeedback
2023-09-25 14:29:07 INFO  Tcarts_FP:530 - Logout
2023-09-25 14:35:51 INFO  Tcarts_FP:25 - URL
2023-09-25 14:35:52 INFO  Tcarts_FP:39 - Login
2023-09-25 14:35:52 INFO  Tcarts_FP:364 - GST
2023-09-25 14:36:07 INFO  Tcarts_FP:495 - AppFeedback
2023-09-25 14:36:09 INFO  Tcarts_FP:530 - Logout
2023-09-25 14:37:19 INFO  Tcarts_FP:25 - URL
2023-09-25 14:37:20 INFO  Tcarts_FP:39 - Login
2023-09-25 14:37:20 INFO  Tcarts_FP:364 - GST
2023-09-25 14:37:35 INFO  Tcarts_FP:495 - AppFeedback
2023-09-25 14:37:37 INFO  Tcarts_FP:530 - Logout
2023-09-25 14:38:25 INFO  Tcarts_FP:25 - URL
2023-09-25 14:38:27 INFO  Tcarts_FP:39 - Login
2023-09-25 14:38:27 INFO  Tcarts_FP:495 - AppFeedback
2023-09-25 14:38:29 INFO  Tcarts_FP:530 - Logout
2023-09-25 14:42:30 INFO  Tcarts_FP:25 - URL
2023-09-25 14:42:32 INFO  Tcarts_FP:39 - Login
2023-09-25 14:42:32 INFO  Tcarts_FP:56 - Dashboard
2023-09-25 14:42:36 INFO  Tcarts_FP:90 - Sales
2023-09-25 14:42:38 INFO  Tcarts_FP:495 - AppFeedback
2023-09-25 14:42:40 INFO  Tcarts_FP:530 - Logout
2023-09-25 14:45:58 INFO  Tcarts_FP:25 - URL
2023-09-25 14:46:00 INFO  Tcarts_FP:39 - Login
2023-09-25 14:46:03 INFO  Tcarts_FP:56 - Dashboard
2023-09-25 14:46:08 INFO  Tcarts_FP:90 - Sales
2023-09-25 14:46:10 INFO  Tcarts_FP:495 - AppFeedback
2023-09-25 14:46:23 INFO  Tcarts_FP:530 - Logout
2023-09-25 14:49:19 INFO  Tcarts_FP:25 - URL
2023-09-25 14:49:21 INFO  Tcarts_FP:39 - Login
2023-09-25 14:49:23 INFO  Tcarts_FP:56 - Dashboard
2023-09-25 14:49:29 INFO  Tcarts_FP:90 - Sales
2023-09-25 14:49:30 INFO  Tcarts_FP:364 - GST
2023-09-25 14:50:18 INFO  Tcarts_FP:495 - AppFeedback
2023-09-25 14:50:31 INFO  Tcarts_FP:530 - Logout
2023-09-25 15:06:38 INFO  Tcarts_FP:25 - URL
2023-09-25 15:06:40 INFO  Tcarts_FP:39 - Login
2023-09-25 15:06:42 INFO  Tcarts_FP:56 - Dashboard
2023-09-25 15:06:48 INFO  Tcarts_FP:90 - Sales
2023-09-25 15:06:50 INFO  Tcarts_FP:364 - GST
2023-09-25 15:07:48 INFO  Tcarts_FP:511 - AppFeedback
2023-09-25 15:08:00 INFO  Tcarts_FP:546 - Logout
2023-09-25 15:30:40 INFO  Tcarts_FP:25 - URL
2023-09-25 15:30:42 INFO  Tcarts_FP:39 - Login
2023-09-25 15:30:44 INFO  Tcarts_FP:56 - Dashboard
2023-09-25 15:30:50 INFO  Tcarts_FP:90 - Sales
2023-09-25 15:30:51 INFO  Tcarts_FP:364 - GST
2023-09-25 15:31:57 INFO  Tcarts_FP:542 - AppFeedback
2023-09-25 15:32:10 INFO  Tcarts_FP:577 - Logout
2023-09-25 15:34:48 INFO  Tcarts_FP:25 - URL
2023-09-25 15:34:50 INFO  Tcarts_FP:39 - Login
2023-09-25 15:34:52 INFO  Tcarts_FP:56 - Dashboard
2023-09-25 15:34:57 INFO  Tcarts_FP:90 - Sales
2023-09-25 15:34:59 INFO  Tcarts_FP:364 - GST
2023-09-25 15:36:04 INFO  Tcarts_FP:541 - AppFeedback
2023-09-25 15:36:17 INFO  Tcarts_FP:576 - Logout
2023-09-25 15:39:15 INFO  Tcarts_FP:25 - URL
2023-09-25 15:39:17 INFO  Tcarts_FP:39 - Login
2023-09-25 15:39:19 INFO  Tcarts_FP:56 - Dashboard
2023-09-25 15:39:25 INFO  Tcarts_FP:90 - Sales
2023-09-25 15:39:27 INFO  Tcarts_FP:364 - GST
2023-09-25 15:45:28 INFO  Tcarts_FP:25 - URL
2023-09-25 15:45:30 INFO  Tcarts_FP:39 - Login
2023-09-25 15:45:32 INFO  Tcarts_FP:56 - Dashboard
2023-09-25 15:45:38 INFO  Tcarts_FP:90 - Sales
2023-09-25 15:45:39 INFO  Tcarts_FP:364 - GST
2023-09-25 15:59:07 INFO  Tcarts_FP:25 - URL
2023-09-25 15:59:08 INFO  Tcarts_FP:39 - Login
2023-09-25 15:59:10 INFO  Tcarts_FP:56 - Dashboard
2023-09-25 15:59:16 INFO  Tcarts_FP:90 - Sales
2023-09-25 15:59:18 INFO  Tcarts_FP:364 - GST
2023-09-25 16:04:29 INFO  Tcarts_FP:25 - URL
2023-09-25 16:04:31 INFO  Tcarts_FP:39 - Login
2023-09-25 16:04:33 INFO  Tcarts_FP:56 - Dashboard
2023-09-25 16:04:39 INFO  Tcarts_FP:90 - Sales
2023-09-25 16:04:41 INFO  Tcarts_FP:364 - GST
2023-09-25 16:07:03 INFO  Tcarts_FP:25 - URL
2023-09-25 16:07:04 INFO  Tcarts_FP:39 - Login
2023-09-25 16:07:06 INFO  Tcarts_FP:56 - Dashboard
2023-09-25 16:07:12 INFO  Tcarts_FP:90 - Sales
2023-09-25 16:07:14 INFO  Tcarts_FP:364 - GST
2023-09-25 16:10:29 INFO  Tcarts_FP:25 - URL
2023-09-25 16:10:30 INFO  Tcarts_FP:39 - Login
2023-09-25 16:10:32 INFO  Tcarts_FP:56 - Dashboard
2023-09-25 16:10:38 INFO  Tcarts_FP:90 - Sales
2023-09-25 16:10:40 INFO  Tcarts_FP:100 - Sales-ReceiptList
2023-09-25 16:11:28 INFO  Tcarts_FP:199 - Sales-OrderList
2023-09-25 16:12:17 INFO  Tcarts_FP:293 - Sales-OrderRefundList
2023-09-25 16:12:54 INFO  Tcarts_FP:364 - GST
2023-09-25 16:14:01 INFO  Tcarts_FP:543 - AppFeedback
2023-09-25 16:14:13 INFO  Tcarts_FP:578 - Logout
2023-09-25 16:14:59 INFO  Tcarts_FP:25 - URL
2023-09-25 16:15:01 INFO  Tcarts_FP:39 - Login
2023-09-25 16:15:03 INFO  Tcarts_FP:56 - Dashboard
2023-09-25 16:15:08 INFO  Tcarts_FP:90 - Sales
2023-09-25 16:15:10 INFO  Tcarts_FP:100 - Sales-ReceiptList
2023-09-25 16:15:59 INFO  Tcarts_FP:199 - Sales-OrderList
2023-09-25 16:16:48 INFO  Tcarts_FP:293 - Sales-OrderRefundList
2023-09-25 16:17:24 INFO  Tcarts_FP:364 - GST
2023-09-25 16:18:31 INFO  Tcarts_FP:543 - AppFeedback
2023-09-25 16:18:44 INFO  Tcarts_FP:578 - Logout
2023-09-25 16:19:35 INFO  Tcarts_FP:25 - URL
2023-09-25 16:19:36 INFO  Tcarts_FP:39 - Login
2023-09-25 16:19:38 INFO  Tcarts_FP:56 - Dashboard
2023-09-25 16:19:43 INFO  Tcarts_FP:90 - Sales
2023-09-25 16:19:45 INFO  Tcarts_FP:100 - Sales-ReceiptList
2023-09-25 16:20:33 INFO  Tcarts_FP:199 - Sales-OrderList
2023-09-25 16:21:22 INFO  Tcarts_FP:293 - Sales-OrderRefundList
2023-09-25 16:21:57 INFO  Tcarts_FP:364 - GST
2023-09-25 16:23:04 INFO  Tcarts_FP:543 - AppFeedback
2023-09-25 16:23:17 INFO  Tcarts_FP:578 - Logout
2023-09-25 16:23:42 INFO  Tcarts_FP:25 - URL
2023-09-25 16:23:43 INFO  Tcarts_FP:39 - Login
2023-09-25 16:23:45 INFO  Tcarts_FP:56 - Dashboard
2023-09-25 16:23:57 INFO  Tcarts_FP:90 - Sales
2023-09-25 16:23:59 INFO  Tcarts_FP:100 - Sales-ReceiptList
2023-09-25 16:24:47 INFO  Tcarts_FP:199 - Sales-OrderList
2023-09-25 16:25:35 INFO  Tcarts_FP:293 - Sales-OrderRefundList
2023-09-25 16:26:10 INFO  Tcarts_FP:364 - GST
2023-09-25 16:27:20 INFO  Tcarts_FP:543 - AppFeedback
2023-09-25 16:27:32 INFO  Tcarts_FP:578 - Logout
2023-09-25 16:28:40 INFO  Tcarts_FP:25 - URL
2023-09-25 16:28:42 INFO  Tcarts_FP:39 - Login
2023-09-25 16:28:44 INFO  Tcarts_FP:56 - Dashboard
2023-09-25 16:28:56 INFO  Tcarts_FP:90 - Sales
2023-09-25 16:28:58 INFO  Tcarts_FP:100 - Sales-ReceiptList
2023-09-25 16:29:47 INFO  Tcarts_FP:199 - Sales-OrderList
2023-09-25 16:30:36 INFO  Tcarts_FP:293 - Sales-OrderRefundList
2023-09-25 16:31:10 INFO  Tcarts_FP:364 - GST
2023-09-25 16:32:17 INFO  Tcarts_FP:543 - AppFeedback
2023-09-25 16:32:29 INFO  Tcarts_FP:578 - Logout
2023-09-25 16:47:38 INFO  Tcarts_FP:25 - URL
2023-09-25 16:47:40 INFO  Tcarts_FP:39 - Login
2023-09-25 16:47:42 INFO  Tcarts_FP:56 - Dashboard
2023-09-25 16:47:54 INFO  Tcarts_FP:90 - Sales
2023-09-25 16:47:55 INFO  Tcarts_FP:100 - Sales-ReceiptList
2023-09-25 16:48:44 INFO  Tcarts_FP:199 - Sales-OrderList
2023-09-25 16:48:46 INFO  Tcarts_FP:278 - Sales-OrderRefundList
2023-09-25 16:48:49 INFO  Tcarts_FP:340 - GST
2023-09-25 16:48:50 INFO  Tcarts_FP:495 - AppFeedback
2023-09-25 16:48:51 INFO  Tcarts_FP:526 - Logout
2023-09-25 16:50:33 INFO  Tcarts_FP:25 - URL
2023-09-25 16:50:34 INFO  Tcarts_FP:39 - Login
2023-09-25 16:50:37 INFO  Tcarts_FP:56 - Dashboard
2023-09-25 16:50:48 INFO  Tcarts_FP:90 - Sales
2023-09-25 16:50:50 INFO  Tcarts_FP:100 - Sales-ReceiptList
2023-09-25 16:51:38 INFO  Tcarts_FP:199 - Sales-OrderList
2023-09-25 16:52:27 INFO  Tcarts_FP:293 - Sales-OrderRefundList
2023-09-25 16:53:01 INFO  Tcarts_FP:364 - GST
2023-09-25 16:54:09 INFO  Tcarts_FP:543 - AppFeedback
2023-09-25 16:54:21 INFO  Tcarts_FP:578 - Logout
2023-09-25 17:32:14 INFO  Tcarts_FP:28 - URL
2023-09-25 17:32:31 INFO  Tcarts_FP:42 - Login
2023-09-25 17:32:34 INFO  Tcarts_FP:367 - GST
2023-09-25 17:35:19 INFO  Tcarts_FP:28 - URL
2023-09-25 17:35:21 INFO  Tcarts_FP:42 - Login
2023-09-25 17:35:23 INFO  Tcarts_FP:367 - GST
2023-09-25 17:50:09 INFO  Tcarts_FP:28 - URL
2023-09-25 17:50:12 INFO  Tcarts_FP:42 - Login
2023-09-25 17:50:14 INFO  Tcarts_FP:367 - GST
2023-09-25 19:43:20 INFO  Tcarts_FP:28 - URL
2023-09-25 19:43:22 INFO  Tcarts_FP:42 - Login
2023-09-25 19:43:24 INFO  Tcarts_FP:367 - GST
2023-09-25 19:43:25 INFO  Tcarts_FP:553 - GST Report
2023-09-26 09:42:20 INFO  Tcarts_FP:28 - URL
2023-09-26 09:42:26 INFO  Tcarts_FP:42 - Login
2023-09-26 09:42:29 INFO  Tcarts_FP:367 - GST
2023-09-26 09:42:31 INFO  Tcarts_FP:553 - GST Report
2023-09-26 09:43:09 INFO  Tcarts_FP:28 - URL
2023-09-26 09:43:12 INFO  Tcarts_FP:42 - Login
2023-09-26 09:43:14 INFO  Tcarts_FP:367 - GST
2023-09-26 09:43:16 INFO  Tcarts_FP:553 - GST Report
2023-09-26 09:56:14 INFO  Tcarts_FP:28 - URL
2023-09-26 09:56:16 INFO  Tcarts_FP:42 - Login
2023-09-26 09:56:18 INFO  Tcarts_FP:367 - GST
2023-09-26 09:56:20 INFO  Tcarts_FP:583 - Stock Report
2023-09-26 10:00:19 INFO  Tcarts_FP:28 - URL
2023-09-26 10:00:21 INFO  Tcarts_FP:42 - Login
2023-09-26 10:00:24 INFO  Tcarts_FP:367 - GST
2023-09-26 10:00:25 INFO  Tcarts_FP:583 - Stock Report
2023-09-26 10:17:52 INFO  Tcarts_FP:28 - URL
2023-09-26 10:17:54 INFO  Tcarts_FP:42 - Login
2023-09-26 10:17:56 INFO  Tcarts_FP:367 - GST
2023-09-26 10:17:58 INFO  Tcarts_FP:583 - Stock Report
2023-09-26 10:22:34 INFO  Tcarts_FP:28 - URL
2023-09-26 10:22:36 INFO  Tcarts_FP:42 - Login
2023-09-26 10:22:38 INFO  Tcarts_FP:367 - GST
2023-09-26 10:22:39 INFO  Tcarts_FP:583 - Stock Report
2023-09-26 10:28:03 INFO  Tcarts_FP:28 - URL
2023-09-26 10:28:04 INFO  Tcarts_FP:42 - Login
2023-09-26 10:28:07 INFO  Tcarts_FP:367 - GST
2023-09-26 10:28:08 INFO  Tcarts_FP:583 - Stock Report
2023-09-26 10:31:01 INFO  Tcarts_FP:28 - URL
2023-09-26 10:31:03 INFO  Tcarts_FP:42 - Login
2023-09-26 10:31:05 INFO  Tcarts_FP:367 - GST
2023-09-26 10:31:07 INFO  Tcarts_FP:583 - Stock Report
2023-09-26 10:38:56 INFO  Tcarts_FP:28 - URL
2023-09-26 10:38:58 INFO  Tcarts_FP:42 - Login
2023-09-26 10:39:00 INFO  Tcarts_FP:367 - GST
2023-09-26 10:39:01 INFO  Tcarts_FP:583 - Stock Report
2023-09-26 10:42:01 INFO  Tcarts_FP:28 - URL
2023-09-26 10:42:04 INFO  Tcarts_FP:42 - Login
2023-09-26 10:42:06 INFO  Tcarts_FP:367 - GST
2023-09-26 10:42:08 INFO  Tcarts_FP:583 - Stock Report
2023-09-26 11:04:34 INFO  Tcarts_FP:28 - URL
2023-09-26 11:04:36 INFO  Tcarts_FP:42 - Login
2023-09-26 11:04:39 INFO  Tcarts_FP:93 - Sales
2023-09-26 11:04:40 INFO  Tcarts_FP:103 - Receipt List
2023-09-26 11:05:32 INFO  Tcarts_FP:385 - GST
2023-09-26 11:10:30 INFO  Tcarts_FP:28 - URL
2023-09-26 11:10:31 INFO  Tcarts_FP:42 - Login
2023-09-26 11:10:33 INFO  Tcarts_FP:93 - Sales
2023-09-26 11:10:35 INFO  Tcarts_FP:103 - Receipt List
2023-09-26 11:11:31 INFO  Tcarts_FP:390 - GST
2023-09-26 11:18:31 INFO  Tcarts_FP:28 - URL
2023-09-26 11:18:33 INFO  Tcarts_FP:42 - Login
2023-09-26 11:18:35 INFO  Tcarts_FP:93 - Sales
2023-09-26 11:18:37 INFO  Tcarts_FP:103 - Receipt List
2023-09-26 11:19:35 INFO  Tcarts_FP:393 - GST
2023-09-26 11:20:40 INFO  Tcarts_FP:28 - URL
2023-09-26 11:20:42 INFO  Tcarts_FP:42 - Login
2023-09-26 11:20:44 INFO  Tcarts_FP:93 - Sales
2023-09-26 11:20:45 INFO  Tcarts_FP:103 - Receipt List
2023-09-26 11:21:47 INFO  Tcarts_FP:394 - GST
2023-09-26 11:21:58 INFO  Tcarts_FP:28 - URL
2023-09-26 11:22:00 INFO  Tcarts_FP:42 - Login
2023-09-26 11:22:02 INFO  Tcarts_FP:93 - Sales
2023-09-26 11:22:03 INFO  Tcarts_FP:103 - Receipt List
2023-09-26 11:23:05 INFO  Tcarts_FP:394 - GST
2023-09-26 11:23:49 INFO  Tcarts_FP:28 - URL
2023-09-26 11:23:50 INFO  Tcarts_FP:42 - Login
2023-09-26 11:23:52 INFO  Tcarts_FP:93 - Sales
2023-09-26 11:23:54 INFO  Tcarts_FP:103 - Receipt List
2023-09-26 11:24:33 INFO  Tcarts_FP:395 - GST
2023-09-26 11:27:38 INFO  Tcarts_FP:28 - URL
2023-09-26 11:27:40 INFO  Tcarts_FP:42 - Login
2023-09-26 11:27:42 INFO  Tcarts_FP:93 - Sales
2023-09-26 11:27:44 INFO  Tcarts_FP:103 - Receipt List
2023-09-26 11:28:45 INFO  Tcarts_FP:395 - GST
2023-09-26 11:29:27 INFO  Tcarts_FP:28 - URL
2023-09-26 11:29:28 INFO  Tcarts_FP:42 - Login
2023-09-26 11:29:31 INFO  Tcarts_FP:93 - Sales
2023-09-26 11:29:32 INFO  Tcarts_FP:103 - Receipt List
2023-09-26 11:30:33 INFO  Tcarts_FP:396 - GST
2023-09-26 11:33:39 INFO  Tcarts_FP:28 - URL
2023-09-26 11:33:41 INFO  Tcarts_FP:42 - Login
2023-09-26 11:33:43 INFO  Tcarts_FP:93 - Sales
2023-09-26 11:33:45 INFO  Tcarts_FP:103 - Receipt List
2023-09-26 11:33:55 INFO  Tcarts_FP:396 - GST
2023-09-26 11:35:19 INFO  Tcarts_FP:28 - URL
2023-09-26 11:35:21 INFO  Tcarts_FP:42 - Login
2023-09-26 11:35:23 INFO  Tcarts_FP:93 - Sales
2023-09-26 11:35:25 INFO  Tcarts_FP:103 - Receipt List
2023-09-26 11:35:35 INFO  Tcarts_FP:396 - GST
2023-09-26 11:49:47 INFO  Tcarts_FP:28 - URL
2023-09-26 11:49:48 INFO  Tcarts_FP:42 - Login
2023-09-26 11:49:51 INFO  Tcarts_FP:93 - Sales
2023-09-26 11:49:52 INFO  Tcarts_FP:103 - Receipt List
2023-09-26 11:50:06 INFO  Tcarts_FP:396 - GST
2023-09-26 11:54:20 INFO  Tcarts_FP:28 - URL
2023-09-26 11:54:22 INFO  Tcarts_FP:42 - Login
2023-09-26 11:54:24 INFO  Tcarts_FP:93 - Sales
2023-09-26 11:54:26 INFO  Tcarts_FP:103 - Receipt List
2023-09-26 11:54:37 INFO  Tcarts_FP:396 - GST
2023-09-26 11:56:40 INFO  Tcarts_FP:28 - URL
2023-09-26 11:56:42 INFO  Tcarts_FP:42 - Login
2023-09-26 11:56:44 INFO  Tcarts_FP:93 - Sales
2023-09-26 11:56:46 INFO  Tcarts_FP:103 - Receipt List
2023-09-26 11:56:59 INFO  Tcarts_FP:396 - GST
2023-09-26 12:00:45 INFO  Tcarts_FP:28 - URL
2023-09-26 12:00:46 INFO  Tcarts_FP:42 - Login
2023-09-26 12:00:48 INFO  Tcarts_FP:93 - Sales
2023-09-26 12:00:50 INFO  Tcarts_FP:103 - Receipt List
2023-09-26 12:01:18 INFO  Tcarts_FP:396 - GST
2023-09-26 12:05:24 INFO  Tcarts_FP:28 - URL
2023-09-26 12:05:25 INFO  Tcarts_FP:42 - Login
2023-09-26 12:05:28 INFO  Tcarts_FP:93 - Sales
2023-09-26 12:05:29 INFO  Tcarts_FP:103 - Receipt List
2023-09-26 12:05:47 INFO  Tcarts_FP:401 - GST
2023-09-26 12:06:43 INFO  Tcarts_FP:28 - URL
2023-09-26 12:06:46 INFO  Tcarts_FP:42 - Login
2023-09-26 12:06:49 INFO  Tcarts_FP:93 - Sales
2023-09-26 12:06:51 INFO  Tcarts_FP:103 - Receipt List
2023-09-26 12:07:21 INFO  Tcarts_FP:401 - GST
2023-09-26 12:47:50 INFO  Tcarts_FP:28 - URL
2023-09-26 12:47:52 INFO  Tcarts_FP:42 - Login
2023-09-26 12:47:55 INFO  Tcarts_FP:93 - Sales
2023-09-26 12:47:57 INFO  Tcarts_FP:103 - Receipt List
2023-09-26 12:47:59 INFO  Tcarts_FP:111 - Payment Pending
2023-09-26 12:48:01 INFO  Tcarts_FP:119 - In Progress
2023-09-26 12:48:03 INFO  Tcarts_FP:127 - Failed
2023-09-26 12:48:27 INFO  Tcarts_FP:177 - Cancelled
2023-09-26 12:48:47 INFO  Tcarts_FP:434 - GST
2023-09-26 12:58:17 INFO  Tcarts_FP:28 - URL
2023-09-26 12:58:19 INFO  Tcarts_FP:42 - Login
2023-09-26 12:58:21 INFO  Tcarts_FP:93 - Sales
2023-09-26 12:58:23 INFO  Tcarts_FP:103 - Receipt List
2023-09-26 12:58:25 INFO  Tcarts_FP:111 - Payment Pending
2023-09-26 12:58:27 INFO  Tcarts_FP:119 - In Progress
2023-09-26 12:58:29 INFO  Tcarts_FP:127 - Failed
2023-09-26 12:58:53 INFO  Tcarts_FP:177 - Cancelled
2023-09-26 12:59:13 INFO  Tcarts_FP:223 - Paid
2023-09-26 12:59:21 INFO  Tcarts_FP:469 - GST
2023-09-26 13:05:17 INFO  Tcarts_FP:28 - URL
2023-09-26 13:05:18 INFO  Tcarts_FP:42 - Login
2023-09-26 13:05:21 INFO  Tcarts_FP:93 - Sales
2023-09-26 13:05:22 INFO  Tcarts_FP:103 - Receipt List
2023-09-26 13:05:25 INFO  Tcarts_FP:111 - Payment Pending
2023-09-26 13:05:27 INFO  Tcarts_FP:119 - In Progress
2023-09-26 13:05:29 INFO  Tcarts_FP:127 - Failed
2023-09-26 13:05:53 INFO  Tcarts_FP:177 - Cancelled
2023-09-26 13:06:13 INFO  Tcarts_FP:223 - Paid
2023-09-26 13:06:37 INFO  Tcarts_FP:273 - All
2023-09-26 13:06:50 INFO  Tcarts_FP:469 - GST
2023-09-26 13:10:08 INFO  Tcarts_FP:28 - URL
2023-09-26 13:10:10 INFO  Tcarts_FP:42 - Login
2023-09-26 13:10:12 INFO  Tcarts_FP:93 - Sales
2023-09-26 13:10:14 INFO  Tcarts_FP:103 - Receipt List
2023-09-26 13:10:16 INFO  Tcarts_FP:111 - Payment Pending
2023-09-26 13:10:18 INFO  Tcarts_FP:119 - In Progress
2023-09-26 13:10:21 INFO  Tcarts_FP:127 - Failed
2023-09-26 13:10:45 INFO  Tcarts_FP:177 - Cancelled
2023-09-26 13:11:04 INFO  Tcarts_FP:223 - Paid
2023-09-26 13:11:28 INFO  Tcarts_FP:273 - All
2023-09-26 13:11:41 INFO  Tcarts_FP:471 - GST
2023-09-26 13:12:05 INFO  Tcarts_FP:28 - URL
2023-09-26 13:12:06 INFO  Tcarts_FP:42 - Login
2023-09-26 13:12:09 INFO  Tcarts_FP:93 - Sales
2023-09-26 13:12:10 INFO  Tcarts_FP:103 - Receipt List
2023-09-26 13:12:13 INFO  Tcarts_FP:111 - Payment Pending
2023-09-26 13:12:15 INFO  Tcarts_FP:119 - In Progress
2023-09-26 13:12:17 INFO  Tcarts_FP:127 - Failed
2023-09-26 13:12:41 INFO  Tcarts_FP:177 - Cancelled
2023-09-26 13:13:01 INFO  Tcarts_FP:223 - Paid
2023-09-26 13:13:25 INFO  Tcarts_FP:273 - All
2023-09-26 13:13:38 INFO  Tcarts_FP:471 - GST
2023-09-26 13:15:23 INFO  Tcarts_FP:28 - URL
2023-09-26 13:15:25 INFO  Tcarts_FP:42 - Login
2023-09-26 13:15:27 INFO  Tcarts_FP:93 - Sales
2023-09-26 13:15:29 INFO  Tcarts_FP:103 - Receipt List
2023-09-26 13:15:31 INFO  Tcarts_FP:111 - Payment Pending
2023-09-26 13:15:33 INFO  Tcarts_FP:119 - In Progress
2023-09-26 13:15:35 INFO  Tcarts_FP:127 - Failed
2023-09-26 13:15:59 INFO  Tcarts_FP:177 - Cancelled
2023-09-26 13:16:18 INFO  Tcarts_FP:223 - Paid
2023-09-26 13:16:42 INFO  Tcarts_FP:273 - All
2023-09-26 13:16:55 INFO  Tcarts_FP:472 - GST
2023-09-26 13:18:04 INFO  Tcarts_FP:28 - URL
2023-09-26 13:18:06 INFO  Tcarts_FP:42 - Login
2023-09-26 13:18:08 INFO  Tcarts_FP:93 - Sales
2023-09-26 13:18:10 INFO  Tcarts_FP:103 - Receipt List
2023-09-26 13:18:12 INFO  Tcarts_FP:111 - Payment Pending
2023-09-26 13:18:14 INFO  Tcarts_FP:119 - In Progress
2023-09-26 13:18:16 INFO  Tcarts_FP:127 - Failed
2023-09-26 13:18:40 INFO  Tcarts_FP:177 - Cancelled
2023-09-26 13:19:00 INFO  Tcarts_FP:223 - Paid
2023-09-26 13:19:24 INFO  Tcarts_FP:273 - All
2023-09-26 13:19:39 INFO  Tcarts_FP:474 - GST
2023-09-26 13:20:23 INFO  Tcarts_FP:28 - URL
2023-09-26 13:20:25 INFO  Tcarts_FP:42 - Login
2023-09-26 13:20:28 INFO  Tcarts_FP:93 - Sales
2023-09-26 13:20:29 INFO  Tcarts_FP:103 - Receipt List
2023-09-26 13:20:31 INFO  Tcarts_FP:111 - Payment Pending
2023-09-26 13:20:34 INFO  Tcarts_FP:119 - In Progress
2023-09-26 13:20:36 INFO  Tcarts_FP:127 - Failed
2023-09-26 13:21:00 INFO  Tcarts_FP:177 - Cancelled
2023-09-26 13:21:19 INFO  Tcarts_FP:223 - Paid
2023-09-26 13:21:44 INFO  Tcarts_FP:273 - All
2023-09-26 13:21:59 INFO  Tcarts_FP:474 - GST
2023-09-26 13:22:30 INFO  Tcarts_FP:28 - URL
2023-09-26 13:22:32 INFO  Tcarts_FP:42 - Login
2023-09-26 13:22:35 INFO  Tcarts_FP:93 - Sales
2023-09-26 13:22:36 INFO  Tcarts_FP:103 - Receipt List
2023-09-26 13:22:38 INFO  Tcarts_FP:111 - Payment Pending
2023-09-26 13:22:40 INFO  Tcarts_FP:119 - In Progress
2023-09-26 13:22:42 INFO  Tcarts_FP:127 - Failed
2023-09-26 13:23:07 INFO  Tcarts_FP:177 - Cancelled
2023-09-26 13:23:26 INFO  Tcarts_FP:223 - Paid
2023-09-26 13:23:50 INFO  Tcarts_FP:273 - All
2023-09-26 13:24:05 INFO  Tcarts_FP:474 - GST
2023-09-26 13:32:19 INFO  Tcarts_FP:28 - URL
2023-09-26 13:32:21 INFO  Tcarts_FP:42 - Login
2023-09-26 13:32:23 INFO  Tcarts_FP:93 - Sales
2023-09-26 13:32:25 INFO  Tcarts_FP:308 - Order List
2023-09-26 13:32:28 INFO  Tcarts_FP:316 - Not Delivered
2023-09-26 13:32:38 INFO  Tcarts_FP:335 - Partially Delivered
2023-09-26 13:32:42 INFO  Tcarts_FP:344 - Delivered
2023-09-26 13:32:52 INFO  Tcarts_FP:363 - Cancelled
2023-09-26 13:33:02 INFO  Tcarts_FP:382 - All
2023-09-26 13:33:14 INFO  Tcarts_FP:484 - GST
2023-09-26 13:49:02 INFO  Tcarts_FP:28 - URL
2023-09-26 13:49:04 INFO  Tcarts_FP:42 - Login
2023-09-26 13:49:07 INFO  Tcarts_FP:93 - Sales
2023-09-26 13:49:08 INFO  Tcarts_FP:305 - Order List
2023-09-26 13:49:11 INFO  Tcarts_FP:313 - Not Delivered
2023-09-26 13:49:21 INFO  Tcarts_FP:332 - Partially Delivered
2023-09-26 13:49:26 INFO  Tcarts_FP:341 - Delivered
2023-09-26 13:49:35 INFO  Tcarts_FP:360 - Cancelled
2023-09-26 13:49:54 INFO  Tcarts_FP:396 - All
2023-09-26 13:50:09 INFO  Tcarts_FP:503 - GST
2023-09-26 14:01:39 INFO  Tcarts_FP:28 - URL
2023-09-26 14:01:40 INFO  Tcarts_FP:42 - Login
2023-09-26 14:01:43 INFO  Tcarts_FP:93 - Sales
2023-09-26 14:01:44 INFO  Tcarts_FP:305 - Order List
2023-09-26 14:01:47 INFO  Tcarts_FP:313 - Not Delivered
2023-09-26 14:02:05 INFO  Tcarts_FP:349 - Partially Delivered
2023-09-26 14:02:17 INFO  Tcarts_FP:377 - Delivered
2023-09-26 14:02:36 INFO  Tcarts_FP:414 - Cancelled
2023-09-26 14:02:53 INFO  Tcarts_FP:450 - All
2023-09-26 14:03:08 INFO  Tcarts_FP:557 - GST
2023-09-26 14:04:05 INFO  Tcarts_FP:28 - URL
2023-09-26 14:04:07 INFO  Tcarts_FP:42 - Login
2023-09-26 14:04:09 INFO  Tcarts_FP:93 - Sales
2023-09-26 14:04:11 INFO  Tcarts_FP:305 - Order List
2023-09-26 14:04:14 INFO  Tcarts_FP:313 - Not Delivered
2023-09-26 14:04:32 INFO  Tcarts_FP:350 - Partially Delivered
2023-09-26 14:04:44 INFO  Tcarts_FP:378 - Delivered
2023-09-26 14:05:02 INFO  Tcarts_FP:415 - Cancelled
2023-09-26 14:05:20 INFO  Tcarts_FP:451 - All
2023-09-26 14:05:34 INFO  Tcarts_FP:558 - GST
2023-09-26 14:39:05 INFO  Tcarts_FP:28 - URL
2023-09-26 14:39:07 INFO  Tcarts_FP:42 - Login
2023-09-26 14:39:09 INFO  Tcarts_FP:93 - Sales
2023-09-26 14:39:11 INFO  Tcarts_FP:103 - Receipt List
2023-09-26 14:39:13 INFO  Tcarts_FP:111 - Payment Pending
2023-09-26 14:39:16 INFO  Tcarts_FP:119 - In Progress
2023-09-26 14:39:18 INFO  Tcarts_FP:127 - Failed
2023-09-26 14:39:42 INFO  Tcarts_FP:178 - Cancelled
2023-09-26 14:40:01 INFO  Tcarts_FP:223 - Paid
2023-09-26 14:40:03 INFO  Tcarts_FP:307 - Order List
2023-09-26 14:40:05 INFO  Tcarts_FP:315 - Not Delivered
2023-09-26 14:40:05 INFO  Tcarts_FP:560 - GST
2023-09-26 14:40:10 INFO  Tcarts_FP:28 - URL
2023-09-26 14:40:12 INFO  Tcarts_FP:42 - Login
2023-09-26 14:40:15 INFO  Tcarts_FP:93 - Sales
2023-09-26 14:40:16 INFO  Tcarts_FP:103 - Receipt List
2023-09-26 14:40:19 INFO  Tcarts_FP:111 - Payment Pending
2023-09-26 14:40:21 INFO  Tcarts_FP:119 - In Progress
2023-09-26 14:40:23 INFO  Tcarts_FP:127 - Failed
2023-09-26 14:40:46 INFO  Tcarts_FP:178 - Cancelled
2023-09-26 14:41:06 INFO  Tcarts_FP:223 - Paid
2023-09-26 14:41:30 INFO  Tcarts_FP:272 - All
2023-09-26 14:41:45 INFO  Tcarts_FP:307 - Order List
2023-09-26 14:41:48 INFO  Tcarts_FP:315 - Not Delivered
2023-09-26 14:42:06 INFO  Tcarts_FP:352 - Partially Delivered
2023-09-26 14:42:20 INFO  Tcarts_FP:380 - Delivered
2023-09-26 14:42:37 INFO  Tcarts_FP:417 - Cancelled
2023-09-26 14:42:55 INFO  Tcarts_FP:453 - All
2023-09-26 14:43:10 INFO  Tcarts_FP:560 - GST
2023-09-26 15:05:14 INFO  Tcarts_FP:28 - URL
2023-09-26 15:05:16 INFO  Tcarts_FP:42 - Login
2023-09-26 15:05:18 INFO  Tcarts_FP:93 - Sales
2023-09-26 15:05:20 INFO  Tcarts_FP:103 - Receipt List
2023-09-26 15:05:22 INFO  Tcarts_FP:111 - Payment Pending
2023-09-26 15:05:24 INFO  Tcarts_FP:119 - In Progress
2023-09-26 15:05:26 INFO  Tcarts_FP:127 - Failed
2023-09-26 15:05:28 INFO  Tcarts_FP:307 - Order List
2023-09-26 15:05:31 INFO  Tcarts_FP:315 - Not Delivered
2023-09-26 15:05:49 INFO  Tcarts_FP:352 - Partially Delivered
2023-09-26 15:06:01 INFO  Tcarts_FP:380 - Delivered
2023-09-26 15:06:19 INFO  Tcarts_FP:417 - Cancelled
2023-09-26 15:06:37 INFO  Tcarts_FP:453 - All
2023-09-26 15:06:51 INFO  Tcarts_FP:560 - GST
2023-09-26 15:06:52 INFO  Tcarts_FP:28 - URL
2023-09-26 15:06:54 INFO  Tcarts_FP:42 - Login
2023-09-26 15:06:56 INFO  Tcarts_FP:93 - Sales
2023-09-26 15:06:58 INFO  Tcarts_FP:103 - Receipt List
2023-09-26 15:07:00 INFO  Tcarts_FP:111 - Payment Pending
2023-09-26 15:07:02 INFO  Tcarts_FP:119 - In Progress
2023-09-26 15:07:04 INFO  Tcarts_FP:127 - Failed
2023-09-26 15:07:07 INFO  Tcarts_FP:307 - Order List
2023-09-26 15:07:09 INFO  Tcarts_FP:315 - Not Delivered
2023-09-26 15:07:18 INFO  Tcarts_FP:560 - GST
2023-09-26 15:11:05 INFO  Tcarts_FP:28 - URL
2023-09-26 15:11:06 INFO  Tcarts_FP:42 - Login
2023-09-26 15:11:09 INFO  Tcarts_FP:93 - Sales
2023-09-26 15:11:11 INFO  Tcarts_FP:103 - Receipt List
2023-09-26 15:11:13 INFO  Tcarts_FP:111 - Payment Pending
2023-09-26 15:11:15 INFO  Tcarts_FP:119 - In Progress
2023-09-26 15:11:17 INFO  Tcarts_FP:127 - Failed
2023-09-26 15:11:19 INFO  Tcarts_FP:560 - GST
2023-09-26 15:13:18 INFO  Tcarts_FP:28 - URL
2023-09-26 15:13:19 INFO  Tcarts_FP:42 - Login
2023-09-26 15:13:22 INFO  Tcarts_FP:93 - Sales
2023-09-26 15:13:23 INFO  Tcarts_FP:103 - Receipt List
2023-09-26 15:13:25 INFO  Tcarts_FP:111 - Payment Pending
2023-09-26 15:13:27 INFO  Tcarts_FP:119 - In Progress
2023-09-26 15:13:29 INFO  Tcarts_FP:127 - Failed
2023-09-26 15:13:32 INFO  Tcarts_FP:560 - GST
2023-09-26 15:17:53 INFO  Tcarts_FP:28 - URL
2023-09-26 15:17:55 INFO  Tcarts_FP:42 - Login
2023-09-26 15:17:57 INFO  Tcarts_FP:93 - Sales
2023-09-26 15:17:59 INFO  Tcarts_FP:103 - Receipt List
2023-09-26 15:18:01 INFO  Tcarts_FP:111 - Payment Pending
2023-09-26 15:18:03 INFO  Tcarts_FP:119 - In Progress
2023-09-26 15:18:05 INFO  Tcarts_FP:127 - Failed
2023-09-26 15:18:29 INFO  Tcarts_FP:178 - Cancelled
2023-09-26 15:18:49 INFO  Tcarts_FP:223 - Paid
2023-09-26 15:19:13 INFO  Tcarts_FP:272 - All
2023-09-26 15:19:28 INFO  Tcarts_FP:560 - GST
2023-09-26 15:23:33 INFO  Tcarts_FP:28 - URL
2023-09-26 15:23:34 INFO  Tcarts_FP:42 - Login
2023-09-26 15:23:36 INFO  Tcarts_FP:93 - Sales
2023-09-26 15:23:38 INFO  Tcarts_FP:103 - Receipt List
2023-09-26 15:23:40 INFO  Tcarts_FP:111 - Payment Pending
2023-09-26 15:23:42 INFO  Tcarts_FP:119 - In Progress
2023-09-26 15:23:44 INFO  Tcarts_FP:127 - Failed
2023-09-26 15:24:09 INFO  Tcarts_FP:178 - Cancelled
2023-09-26 15:24:28 INFO  Tcarts_FP:223 - Paid
2023-09-26 15:24:52 INFO  Tcarts_FP:272 - All
2023-09-26 15:25:08 INFO  Tcarts_FP:560 - GST
2023-09-26 15:34:07 INFO  Tcarts_FP:28 - URL
2023-09-26 15:34:09 INFO  Tcarts_FP:42 - Login
2023-09-26 15:34:12 INFO  Tcarts_FP:93 - Sales
2023-09-26 15:34:13 INFO  Tcarts_FP:103 - Receipt List
2023-09-26 15:34:15 INFO  Tcarts_FP:111 - Payment Pending
2023-09-26 15:34:17 INFO  Tcarts_FP:119 - In Progress
2023-09-26 15:34:19 INFO  Tcarts_FP:127 - Failed
2023-09-26 15:34:44 INFO  Tcarts_FP:178 - Cancelled
2023-09-26 15:35:03 INFO  Tcarts_FP:225 - Paid
2023-09-26 15:35:27 INFO  Tcarts_FP:276 - All
2023-09-26 15:35:43 INFO  Tcarts_FP:564 - GST
2023-09-26 15:36:21 INFO  Tcarts_FP:28 - URL
2023-09-26 15:36:23 INFO  Tcarts_FP:42 - Login
2023-09-26 15:36:25 INFO  Tcarts_FP:93 - Sales
2023-09-26 15:36:26 INFO  Tcarts_FP:103 - Receipt List
2023-09-26 15:36:28 INFO  Tcarts_FP:111 - Payment Pending
2023-09-26 15:36:30 INFO  Tcarts_FP:119 - In Progress
2023-09-26 15:36:32 INFO  Tcarts_FP:127 - Failed
2023-09-26 15:36:57 INFO  Tcarts_FP:178 - Cancelled
2023-09-26 15:37:16 INFO  Tcarts_FP:225 - Paid
2023-09-26 15:37:41 INFO  Tcarts_FP:276 - All
2023-09-26 15:37:56 INFO  Tcarts_FP:564 - GST
2023-09-26 15:38:50 INFO  Tcarts_FP:28 - URL
2023-09-26 15:38:51 INFO  Tcarts_FP:42 - Login
2023-09-26 15:38:54 INFO  Tcarts_FP:93 - Sales
2023-09-26 15:38:55 INFO  Tcarts_FP:103 - Receipt List
2023-09-26 15:38:57 INFO  Tcarts_FP:111 - Payment Pending
2023-09-26 15:38:59 INFO  Tcarts_FP:119 - In Progress
2023-09-26 15:39:01 INFO  Tcarts_FP:127 - Failed
2023-09-26 15:39:25 INFO  Tcarts_FP:178 - Cancelled
2023-09-26 15:39:45 INFO  Tcarts_FP:225 - Paid
2023-09-26 15:40:09 INFO  Tcarts_FP:276 - All
2023-09-26 15:40:25 INFO  Tcarts_FP:564 - GST
2023-09-26 15:50:38 INFO  Tcarts_FP:28 - URL
2023-09-26 15:50:40 INFO  Tcarts_FP:42 - Login
2023-09-26 15:50:42 INFO  Tcarts_FP:93 - Sales
2023-09-26 15:50:43 INFO  Tcarts_FP:311 - Order List
2023-09-26 15:50:46 INFO  Tcarts_FP:319 - Not Delivered
2023-09-26 15:51:04 INFO  Tcarts_FP:356 - Partially Delivered
2023-09-26 15:51:16 INFO  Tcarts_FP:384 - Delivered
2023-09-26 15:51:34 INFO  Tcarts_FP:421 - Cancelled
2023-09-26 15:51:52 INFO  Tcarts_FP:458 - All
2023-09-26 15:52:07 INFO  Tcarts_FP:565 - GST
2023-09-26 15:52:34 INFO  Tcarts_FP:28 - URL
2023-09-26 15:52:35 INFO  Tcarts_FP:42 - Login
2023-09-26 15:52:38 INFO  Tcarts_FP:93 - Sales
2023-09-26 15:52:39 INFO  Tcarts_FP:311 - Order List
2023-09-26 15:52:42 INFO  Tcarts_FP:319 - Not Delivered
2023-09-26 15:53:00 INFO  Tcarts_FP:356 - Partially Delivered
2023-09-26 15:53:12 INFO  Tcarts_FP:384 - Delivered
2023-09-26 15:53:30 INFO  Tcarts_FP:421 - Cancelled
2023-09-26 15:53:48 INFO  Tcarts_FP:458 - All
2023-09-26 15:54:03 INFO  Tcarts_FP:565 - GST
2023-09-26 15:54:33 INFO  Tcarts_FP:28 - URL
2023-09-26 15:54:33 INFO  Tcarts_FP:93 - Sales
2023-09-26 15:54:35 INFO  Tcarts_FP:565 - GST
2023-09-26 15:54:40 INFO  Tcarts_FP:28 - URL
2023-09-26 15:54:42 INFO  Tcarts_FP:42 - Login
2023-09-26 15:54:45 INFO  Tcarts_FP:93 - Sales
2023-09-26 15:54:46 INFO  Tcarts_FP:311 - Order List
2023-09-26 15:54:49 INFO  Tcarts_FP:319 - Not Delivered
2023-09-26 15:55:07 INFO  Tcarts_FP:356 - Partially Delivered
2023-09-26 15:55:19 INFO  Tcarts_FP:384 - Delivered
2023-09-26 15:55:37 INFO  Tcarts_FP:421 - Cancelled
2023-09-26 15:55:55 INFO  Tcarts_FP:458 - All
2023-09-26 15:56:09 INFO  Tcarts_FP:565 - GST
2023-09-26 16:47:55 INFO  Tcarts_FP:28 - URL
2023-09-26 16:47:56 INFO  Tcarts_FP:42 - Login
2023-09-26 16:47:58 INFO  Tcarts_FP:93 - Sales
2023-09-26 16:48:00 INFO  Tcarts_FP:493 - Order Refund List
2023-09-26 16:48:03 INFO  Tcarts_FP:501 - 
2023-09-26 16:48:07 INFO  Tcarts_FP:511 - 
2023-09-26 16:48:19 INFO  Tcarts_FP:544 - 
2023-09-26 16:48:23 INFO  Tcarts_FP:553 - 
2023-09-26 16:48:27 INFO  Tcarts_FP:562 - 
2023-09-26 16:48:31 INFO  Tcarts_FP:571 - 
2023-09-26 16:48:35 INFO  Tcarts_FP:580 - 
2023-09-26 16:48:43 INFO  Tcarts_FP:603 - GST
2023-09-26 16:50:10 INFO  Tcarts_FP:28 - URL
2023-09-26 16:50:12 INFO  Tcarts_FP:42 - Login
2023-09-26 16:50:14 INFO  Tcarts_FP:93 - Sales
2023-09-26 16:50:15 INFO  Tcarts_FP:493 - Order Refund List
2023-09-26 16:50:18 INFO  Tcarts_FP:501 - 
2023-09-26 16:50:22 INFO  Tcarts_FP:511 - 
2023-09-26 16:50:34 INFO  Tcarts_FP:544 - 
2023-09-26 16:50:38 INFO  Tcarts_FP:553 - 
2023-09-26 16:50:42 INFO  Tcarts_FP:562 - 
2023-09-26 16:50:46 INFO  Tcarts_FP:571 - 
2023-09-26 16:50:51 INFO  Tcarts_FP:580 - 
2023-09-26 16:50:59 INFO  Tcarts_FP:605 - GST
2023-09-26 16:53:35 INFO  Tcarts_FP:28 - URL
2023-09-26 16:53:36 INFO  Tcarts_FP:42 - Login
2023-09-26 16:53:38 INFO  Tcarts_FP:93 - Sales
2023-09-26 16:53:40 INFO  Tcarts_FP:493 - Order Refund List
2023-09-26 16:53:43 INFO  Tcarts_FP:501 - Pending
2023-09-26 16:53:47 INFO  Tcarts_FP:511 - Refund Initiated
2023-09-26 16:53:59 INFO  Tcarts_FP:544 - Partial Refund Initiated
2023-09-26 16:54:03 INFO  Tcarts_FP:553 - Refunded
2023-09-26 16:54:08 INFO  Tcarts_FP:562 - Partially Refunded
2023-09-26 16:54:12 INFO  Tcarts_FP:571 - Declined
2023-09-26 16:54:16 INFO  Tcarts_FP:580 - All
2023-09-26 16:54:25 INFO  Tcarts_FP:605 - GST
2023-09-26 16:59:18 INFO  Tcarts_FP:28 - URL
2023-09-26 16:59:20 INFO  Tcarts_FP:42 - Login
2023-09-26 16:59:23 INFO  Tcarts_FP:93 - Sales
2023-09-26 16:59:24 INFO  Tcarts_FP:605 - GST
2023-09-26 16:59:26 INFO  Tcarts_FP:821 - Stock Report
2023-09-26 17:07:35 INFO  Tcarts_FP:28 - URL
2023-09-26 17:07:37 INFO  Tcarts_FP:42 - Login
2023-09-26 17:07:40 INFO  Tcarts_FP:93 - Sales
2023-09-26 17:07:41 INFO  Tcarts_FP:605 - GST
2023-09-26 17:07:43 INFO  Tcarts_FP:615 - Sales Report
2023-09-26 17:07:58 INFO  Tcarts_FP:832 - Stock Report
2023-09-26 17:11:11 INFO  Tcarts_FP:28 - URL
2023-09-26 17:11:13 INFO  Tcarts_FP:42 - Login
2023-09-26 17:11:16 INFO  Tcarts_FP:93 - Sales
2023-09-26 17:11:17 INFO  Tcarts_FP:605 - GST
2023-09-26 17:11:19 INFO  Tcarts_FP:615 - Sales Report
2023-09-26 17:12:25 INFO  Tcarts_FP:823 - Stock Report
2023-09-26 17:20:39 INFO  Tcarts_FP:28 - URL
2023-09-26 17:20:51 INFO  Tcarts_FP:42 - Login
2023-09-26 17:20:55 INFO  Tcarts_FP:59 - Dashboard
2023-09-26 17:21:06 INFO  Tcarts_FP:93 - Sales
2023-09-26 17:21:08 INFO  Tcarts_FP:103 - Receipt List
2023-09-26 17:21:11 INFO  Tcarts_FP:111 - Payment Pending
2023-09-26 17:21:13 INFO  Tcarts_FP:119 - In Progress
2023-09-26 17:21:15 INFO  Tcarts_FP:127 - Failed
2023-09-26 17:21:39 INFO  Tcarts_FP:178 - Cancelled
2023-09-26 17:21:58 INFO  Tcarts_FP:225 - Paid
2023-09-26 17:22:22 INFO  Tcarts_FP:276 - All
2023-09-26 17:22:38 INFO  Tcarts_FP:311 - Order List
2023-09-26 17:22:41 INFO  Tcarts_FP:319 - Not Delivered
2023-09-26 17:23:00 INFO  Tcarts_FP:356 - Partially Delivered
2023-09-26 17:23:12 INFO  Tcarts_FP:384 - Delivered
2023-09-26 17:23:29 INFO  Tcarts_FP:421 - Cancelled
2023-09-26 17:23:47 INFO  Tcarts_FP:458 - All
2023-09-26 17:24:02 INFO  Tcarts_FP:493 - Order Refund List
2023-09-26 17:24:05 INFO  Tcarts_FP:501 - Pending
2023-09-26 17:24:09 INFO  Tcarts_FP:511 - Refund Initiated
2023-09-26 17:24:21 INFO  Tcarts_FP:544 - Partial Refund Initiated
2023-09-26 17:24:25 INFO  Tcarts_FP:553 - Refunded
2023-09-26 17:24:30 INFO  Tcarts_FP:562 - Partially Refunded
2023-09-26 17:24:34 INFO  Tcarts_FP:571 - Declined
2023-09-26 17:24:38 INFO  Tcarts_FP:580 - All
2023-09-26 17:24:47 INFO  Tcarts_FP:605 - GST
2023-09-26 17:24:48 INFO  Tcarts_FP:793 - GST Report
2023-09-26 17:24:55 INFO  Tcarts_FP:615 - Sales Report
2023-09-26 17:26:02 INFO  Tcarts_FP:823 - Stock Report
2023-09-26 17:27:36 INFO  Tcarts_FP:1030 - App Feedback
2023-09-26 17:27:48 INFO  Tcarts_FP:1065 - Logout
2023-09-26 19:03:42 INFO  Tcarts_FP:27 - URL
2023-09-26 19:03:44 INFO  Tcarts_FP:41 - Login
2023-09-26 19:03:46 INFO  Tcarts_FP:58 - Users
2023-09-26 19:03:47 INFO  Tcarts_FP:68 - Student
2023-09-26 19:03:50 INFO  Tcarts_FP:77 - Create User
2023-09-26 19:06:36 INFO  Tcarts_FP:27 - URL
2023-09-26 19:06:38 INFO  Tcarts_FP:41 - Login
2023-09-26 19:06:40 INFO  Tcarts_FP:58 - Users
2023-09-26 19:06:41 INFO  Tcarts_FP:68 - Student
2023-09-26 19:06:44 INFO  Tcarts_FP:77 - Create User
2023-09-26 19:14:01 INFO  Tcarts_FP:27 - URL
2023-09-26 19:14:02 INFO  Tcarts_FP:41 - Login
2023-09-26 19:14:05 INFO  Tcarts_FP:58 - Users
2023-09-26 19:14:06 INFO  Tcarts_FP:68 - Student
2023-09-26 19:14:08 INFO  Tcarts_FP:77 - Create User
2023-09-26 19:17:48 INFO  Tcarts_FP:27 - URL
2023-09-26 19:17:50 INFO  Tcarts_FP:41 - Login
2023-09-26 19:17:52 INFO  Tcarts_FP:58 - Users
2023-09-26 19:17:53 INFO  Tcarts_FP:68 - Student
2023-09-26 19:17:56 INFO  Tcarts_FP:77 - Create User
2023-09-26 19:21:28 INFO  Tcarts_FP:27 - URL
2023-09-26 19:21:30 INFO  Tcarts_FP:41 - Login
2023-09-26 19:21:32 INFO  Tcarts_FP:58 - Users
2023-09-26 19:21:33 INFO  Tcarts_FP:68 - Student
2023-09-26 19:21:35 INFO  Tcarts_FP:77 - Create User
2023-09-27 10:03:37 INFO  Tcarts_FP:27 - URL
2023-09-27 10:03:39 INFO  Tcarts_FP:41 - Login
2023-09-27 10:03:41 INFO  Tcarts_FP:58 - Users
2023-09-27 10:03:42 INFO  Tcarts_FP:68 - Student
2023-09-27 10:03:44 INFO  Tcarts_FP:77 - Create User
2023-09-27 10:13:37 INFO  Tcarts_FP:27 - URL
2023-09-27 10:13:39 INFO  Tcarts_FP:41 - Login
2023-09-27 10:13:41 INFO  Tcarts_FP:58 - Users
2023-09-27 10:13:42 INFO  Tcarts_FP:68 - Student
2023-09-27 10:13:45 INFO  Tcarts_FP:76 - Create User
2023-09-27 10:17:51 INFO  Tcarts_FP:27 - URL
2023-09-27 10:17:52 INFO  Tcarts_FP:41 - Login
2023-09-27 10:17:54 INFO  Tcarts_FP:58 - Users
2023-09-27 10:17:55 INFO  Tcarts_FP:68 - Student
2023-09-27 10:17:58 INFO  Tcarts_FP:76 - Create User
2023-09-27 10:23:00 INFO  Tcarts_FP:27 - URL
2023-09-27 10:23:02 INFO  Tcarts_FP:41 - Login
2023-09-27 10:23:04 INFO  Tcarts_FP:58 - Users
2023-09-27 10:23:05 INFO  Tcarts_FP:68 - Student
2023-09-27 10:23:08 INFO  Tcarts_FP:76 - Create User
2023-09-27 10:29:59 INFO  Tcarts_FP:27 - URL
2023-09-27 10:30:00 INFO  Tcarts_FP:41 - Login
2023-09-27 10:30:03 INFO  Tcarts_FP:58 - Users
2023-09-27 10:30:04 INFO  Tcarts_FP:68 - Student
2023-09-27 10:30:07 INFO  Tcarts_FP:76 - Create User
2023-09-27 10:30:49 INFO  Tcarts_FP:27 - URL
2023-09-27 10:30:50 INFO  Tcarts_FP:41 - Login
2023-09-27 10:30:52 INFO  Tcarts_FP:58 - Users
2023-09-27 10:30:53 INFO  Tcarts_FP:68 - Student
2023-09-27 10:30:56 INFO  Tcarts_FP:76 - Create User
2023-09-27 10:32:08 INFO  Tcarts_FP:27 - URL
2023-09-27 10:32:09 INFO  Tcarts_FP:41 - Login
2023-09-27 10:32:11 INFO  Tcarts_FP:58 - Users
2023-09-27 10:32:12 INFO  Tcarts_FP:68 - Student
2023-09-27 10:32:15 INFO  Tcarts_FP:76 - Create User
2023-09-27 10:34:13 INFO  Tcarts_FP:27 - URL
2023-09-27 10:34:14 INFO  Tcarts_FP:41 - Login
2023-09-27 10:34:16 INFO  Tcarts_FP:58 - Users
2023-09-27 10:34:17 INFO  Tcarts_FP:68 - Student
2023-09-27 10:34:20 INFO  Tcarts_FP:76 - Create User
2023-09-27 10:36:28 INFO  Tcarts_FP:27 - URL
2023-09-27 10:36:29 INFO  Tcarts_FP:41 - Login
2023-09-27 10:36:31 INFO  Tcarts_FP:58 - Users
2023-09-27 10:36:32 INFO  Tcarts_FP:68 - Student
2023-09-27 10:36:35 INFO  Tcarts_FP:76 - Create User
2023-09-27 10:37:36 INFO  Tcarts_FP:27 - URL
2023-09-27 10:37:38 INFO  Tcarts_FP:41 - Login
2023-09-27 10:37:41 INFO  Tcarts_FP:58 - Users
2023-09-27 10:37:42 INFO  Tcarts_FP:68 - Student
2023-09-27 10:37:44 INFO  Tcarts_FP:76 - Create User
2023-09-27 10:39:19 INFO  Tcarts_FP:27 - URL
2023-09-27 10:39:20 INFO  Tcarts_FP:41 - Login
2023-09-27 10:39:23 INFO  Tcarts_FP:58 - Users
2023-09-27 10:39:24 INFO  Tcarts_FP:68 - Student
2023-09-27 10:39:26 INFO  Tcarts_FP:76 - Create User
2023-09-27 10:40:19 INFO  Tcarts_FP:27 - URL
2023-09-27 10:40:21 INFO  Tcarts_FP:41 - Login
2023-09-27 10:40:23 INFO  Tcarts_FP:58 - Users
2023-09-27 10:40:24 INFO  Tcarts_FP:68 - Student
2023-09-27 10:40:27 INFO  Tcarts_FP:76 - Create User
2023-09-27 10:46:59 INFO  Tcarts_FP:27 - URL
2023-09-27 10:47:00 INFO  Tcarts_FP:41 - Login
2023-09-27 10:47:03 INFO  Tcarts_FP:58 - Users
2023-09-27 10:47:04 INFO  Tcarts_FP:68 - Student
2023-09-27 10:47:06 INFO  Tcarts_FP:76 - Create User
2023-09-27 10:48:23 INFO  Tcarts_FP:27 - URL
2023-09-27 10:48:31 INFO  Tcarts_FP:41 - Login
2023-09-27 10:48:36 INFO  Tcarts_FP:58 - Users
2023-09-27 10:48:37 INFO  Tcarts_FP:68 - Student
2023-09-27 10:48:40 INFO  Tcarts_FP:76 - Create User
2023-09-27 10:51:36 INFO  Tcarts_FP:27 - URL
2023-09-27 10:51:39 INFO  Tcarts_FP:41 - Login
2023-09-27 10:51:41 INFO  Tcarts_FP:58 - Users
2023-09-27 10:51:43 INFO  Tcarts_FP:68 - Student
2023-09-27 10:51:45 INFO  Tcarts_FP:76 - Create User
2023-09-27 11:42:18 INFO  Tcarts_FP:27 - URL
2023-09-27 11:42:26 INFO  Tcarts_FP:41 - Login
2023-09-27 11:42:30 INFO  Tcarts_FP:58 - Users
2023-09-27 11:42:31 INFO  Tcarts_FP:68 - Student
2023-09-27 11:42:34 INFO  Tcarts_FP:76 - Create User
2023-09-27 11:42:55 INFO  Tcarts_FP:146 - Edit User
2023-09-27 11:44:03 INFO  Tcarts_FP:27 - URL
2023-09-27 11:44:05 INFO  Tcarts_FP:41 - Login
2023-09-27 11:44:08 INFO  Tcarts_FP:58 - Users
2023-09-27 11:44:09 INFO  Tcarts_FP:68 - Student
2023-09-27 11:44:11 INFO  Tcarts_FP:76 - Create User
2023-09-27 11:44:19 INFO  Tcarts_FP:146 - Edit User
2023-09-27 11:44:25 INFO  Tcarts_FP:160 - View User
2023-09-27 11:44:27 INFO  Tcarts_FP:169 - View User
2023-09-27 11:45:18 INFO  Tcarts_FP:27 - URL
2023-09-27 11:45:21 INFO  Tcarts_FP:41 - Login
2023-09-27 11:45:23 INFO  Tcarts_FP:58 - Users
2023-09-27 11:45:24 INFO  Tcarts_FP:68 - Student
2023-09-27 11:45:27 INFO  Tcarts_FP:76 - Create User
2023-09-27 11:45:37 INFO  Tcarts_FP:146 - Edit User
2023-09-27 11:47:48 INFO  Tcarts_FP:27 - URL
2023-09-27 11:47:50 INFO  Tcarts_FP:41 - Login
2023-09-27 11:47:53 INFO  Tcarts_FP:58 - Users
2023-09-27 11:47:54 INFO  Tcarts_FP:68 - Student
2023-09-27 11:47:56 INFO  Tcarts_FP:76 - Create User
2023-09-27 11:48:04 INFO  Tcarts_FP:146 - Edit User
2023-09-27 11:48:10 INFO  Tcarts_FP:160 - View User
2023-09-27 11:48:12 INFO  Tcarts_FP:169 - View User
2023-09-27 11:48:48 INFO  Tcarts_FP:27 - URL
2023-09-27 11:48:51 INFO  Tcarts_FP:41 - Login
2023-09-27 11:48:53 INFO  Tcarts_FP:58 - Users
2023-09-27 11:48:54 INFO  Tcarts_FP:68 - Student
2023-09-27 11:48:57 INFO  Tcarts_FP:76 - Create User
2023-09-27 11:49:05 INFO  Tcarts_FP:146 - Edit User
2023-09-27 11:49:10 INFO  Tcarts_FP:160 - View User
2023-09-27 11:49:13 INFO  Tcarts_FP:169 - View User
2023-09-27 11:53:53 INFO  Tcarts_FP:27 - URL
2023-09-27 11:53:56 INFO  Tcarts_FP:41 - Login
2023-09-27 11:53:58 INFO  Tcarts_FP:58 - Users
2023-09-27 11:53:59 INFO  Tcarts_FP:68 - Student
2023-09-27 11:54:02 INFO  Tcarts_FP:76 - Create User
2023-09-27 11:54:12 INFO  Tcarts_FP:146 - Edit User
2023-09-27 12:46:38 INFO  Tcarts_FP:28 - URL
2023-09-27 12:46:41 INFO  Tcarts_FP:42 - Login
2023-09-27 12:46:43 INFO  Tcarts_FP:59 - Users
2023-09-27 12:46:44 INFO  Tcarts_FP:69 - Student
2023-09-27 12:46:47 INFO  Tcarts_FP:77 - Create User
2023-09-27 12:46:55 INFO  Tcarts_FP:147 - Edit User
2023-09-27 12:50:16 INFO  Tcarts_FP:28 - URL
2023-09-27 12:50:18 INFO  Tcarts_FP:42 - Login
2023-09-27 12:50:20 INFO  Tcarts_FP:59 - Users
2023-09-27 12:50:21 INFO  Tcarts_FP:69 - Student
2023-09-27 12:50:24 INFO  Tcarts_FP:77 - Create User
2023-09-27 12:50:34 INFO  Tcarts_FP:147 - Edit User
2023-09-27 12:59:14 INFO  Tcarts_FP:28 - URL
2023-09-27 12:59:16 INFO  Tcarts_FP:42 - Login
2023-09-27 12:59:18 INFO  Tcarts_FP:59 - Users
2023-09-27 12:59:19 INFO  Tcarts_FP:69 - Student
2023-09-27 12:59:22 INFO  Tcarts_FP:77 - Create User
2023-09-27 13:02:58 INFO  Tcarts_FP:28 - URL
2023-09-27 13:03:00 INFO  Tcarts_FP:42 - Login
2023-09-27 13:03:02 INFO  Tcarts_FP:59 - Users
2023-09-27 13:03:03 INFO  Tcarts_FP:69 - Student
2023-09-27 13:03:06 INFO  Tcarts_FP:77 - Create User
2023-09-27 13:05:04 INFO  Tcarts_FP:28 - URL
2023-09-27 13:05:06 INFO  Tcarts_FP:42 - Login
2023-09-27 13:05:08 INFO  Tcarts_FP:59 - Users
2023-09-27 13:05:09 INFO  Tcarts_FP:69 - Student
2023-09-27 13:05:12 INFO  Tcarts_FP:77 - Create User
2023-09-27 13:05:38 INFO  Tcarts_FP:28 - URL
2023-09-27 13:05:39 INFO  Tcarts_FP:42 - Login
2023-09-27 13:05:41 INFO  Tcarts_FP:59 - Users
2023-09-27 13:05:43 INFO  Tcarts_FP:69 - Student
2023-09-27 13:05:45 INFO  Tcarts_FP:77 - Create User
2023-09-27 13:11:11 INFO  Tcarts_FP:27 - URL
2023-09-27 13:11:13 INFO  Tcarts_FP:41 - Login
2023-09-27 13:11:15 INFO  Tcarts_FP:58 - Users
2023-09-27 13:11:16 INFO  Tcarts_FP:68 - Student
2023-09-27 13:11:19 INFO  Tcarts_FP:76 - Create User
2023-09-27 13:11:26 INFO  Tcarts_FP:146 - Edit User
2023-09-27 13:11:33 INFO  Tcarts_FP:176 - View User
2023-09-27 13:11:36 INFO  Tcarts_FP:192 - Delete User
2023-09-27 13:13:51 INFO  Tcarts_FP:27 - URL
2023-09-27 13:13:52 INFO  Tcarts_FP:41 - Login
2023-09-27 13:13:54 INFO  Tcarts_FP:58 - Users
2023-09-27 13:13:55 INFO  Tcarts_FP:68 - Student
2023-09-27 13:13:58 INFO  Tcarts_FP:76 - Create User
2023-09-27 13:14:07 INFO  Tcarts_FP:146 - Edit User
2023-09-27 13:16:27 INFO  Tcarts_FP:27 - URL
2023-09-27 13:16:28 INFO  Tcarts_FP:41 - Login
2023-09-27 13:16:31 INFO  Tcarts_FP:58 - Users
2023-09-27 13:16:32 INFO  Tcarts_FP:68 - Student
2023-09-27 13:16:34 INFO  Tcarts_FP:76 - Create User
2023-09-27 13:16:38 INFO  Tcarts_FP:146 - Edit User
2023-09-27 13:16:40 INFO  Tcarts_FP:192 - Delete User
2023-09-27 13:17:01 INFO  Tcarts_FP:27 - URL
2023-09-27 13:17:02 INFO  Tcarts_FP:41 - Login
2023-09-27 13:17:05 INFO  Tcarts_FP:58 - Users
2023-09-27 13:17:06 INFO  Tcarts_FP:68 - Student
2023-09-27 13:17:08 INFO  Tcarts_FP:76 - Create User
2023-09-27 13:17:13 INFO  Tcarts_FP:146 - Edit User
2023-09-27 13:21:21 INFO  Tcarts_FP:27 - URL
2023-09-27 13:21:23 INFO  Tcarts_FP:41 - Login
2023-09-27 13:21:25 INFO  Tcarts_FP:58 - Users
2023-09-27 13:21:26 INFO  Tcarts_FP:68 - Student
2023-09-27 13:21:29 INFO  Tcarts_FP:76 - Create User
2023-09-27 13:21:34 INFO  Tcarts_FP:146 - Edit User
2023-09-27 13:21:36 INFO  Tcarts_FP:192 - Delete User
2023-09-27 13:22:26 INFO  Tcarts_FP:27 - URL
2023-09-27 13:22:27 INFO  Tcarts_FP:41 - Login
2023-09-27 13:22:29 INFO  Tcarts_FP:58 - Users
2023-09-27 13:22:30 INFO  Tcarts_FP:68 - Student
2023-09-27 13:22:33 INFO  Tcarts_FP:76 - Create User
2023-09-27 13:22:38 INFO  Tcarts_FP:146 - Edit User
2023-09-27 13:22:41 INFO  Tcarts_FP:192 - Delete User
2023-09-27 13:34:08 INFO  Tcarts_FP:28 - URL
2023-09-27 13:34:10 INFO  Tcarts_FP:42 - Login
2023-09-27 13:34:12 INFO  Tcarts_FP:59 - Users
2023-09-27 13:34:13 INFO  Tcarts_FP:69 - Student
2023-09-27 13:34:16 INFO  Tcarts_FP:77 - Create User
2023-09-27 13:34:25 INFO  Tcarts_FP:147 - Edit User
2023-09-27 13:37:34 INFO  Tcarts_FP:28 - URL
2023-09-27 13:37:36 INFO  Tcarts_FP:42 - Login
2023-09-27 13:37:38 INFO  Tcarts_FP:59 - Users
2023-09-27 13:37:39 INFO  Tcarts_FP:69 - Student
2023-09-27 13:37:42 INFO  Tcarts_FP:77 - Create User
2023-09-27 13:37:50 INFO  Tcarts_FP:147 - Edit User
2023-09-27 15:22:27 INFO  Tcarts_FP:28 - URL
2023-09-27 15:22:28 INFO  Tcarts_FP:42 - Login
2023-09-27 15:22:31 INFO  Tcarts_FP:59 - Dashboard
2023-09-27 15:22:42 INFO  Tcarts_FP:93 - Sales
2023-09-27 15:22:44 INFO  Tcarts_FP:103 - Receipt List
2023-09-27 15:22:45 INFO  Tcarts_FP:111 - Payment Pending
2023-09-27 15:22:47 INFO  Tcarts_FP:119 - In Progress
2023-09-27 15:22:50 INFO  Tcarts_FP:127 - Failed
2023-09-27 15:23:13 INFO  Tcarts_FP:178 - Cancelled
2023-09-27 15:23:33 INFO  Tcarts_FP:225 - Paid
2023-09-27 15:23:56 INFO  Tcarts_FP:276 - All
2023-09-27 15:24:00 INFO  Tcarts_FP:311 - Order List
2023-09-27 15:24:03 INFO  Tcarts_FP:319 - Not Delivered
2023-09-27 15:24:20 INFO  Tcarts_FP:356 - Partially Delivered
2023-09-27 15:24:32 INFO  Tcarts_FP:384 - Delivered
2023-09-27 15:24:49 INFO  Tcarts_FP:421 - Cancelled
2023-09-27 15:25:07 INFO  Tcarts_FP:458 - All
2023-09-27 15:25:10 INFO  Tcarts_FP:493 - Order Refund List
2023-09-27 15:25:12 INFO  Tcarts_FP:501 - Pending
2023-09-27 15:25:16 INFO  Tcarts_FP:511 - Refund Initiated
2023-09-27 15:25:29 INFO  Tcarts_FP:544 - Partial Refund Initiated
2023-09-27 15:25:33 INFO  Tcarts_FP:553 - Refunded
2023-09-27 15:25:37 INFO  Tcarts_FP:562 - Partially Refunded
2023-09-27 15:25:41 INFO  Tcarts_FP:571 - Declined
2023-09-27 15:25:45 INFO  Tcarts_FP:580 - All
2023-09-27 15:25:54 INFO  Tcarts_FP:605 - GST
2023-09-27 15:25:55 INFO  Tcarts_FP:793 - GST Report
2023-09-27 15:26:02 INFO  Tcarts_FP:615 - Sales Report
2023-09-27 15:27:07 INFO  Tcarts_FP:823 - Stock Report
2023-09-27 15:28:40 INFO  Tcarts_FP:1030 - App Feedback
2023-09-27 15:28:52 INFO  Tcarts_FP:1065 - Logout
2023-09-27 15:32:05 INFO  Tcarts_FP:28 - URL
2023-09-27 15:32:07 INFO  Tcarts_FP:42 - Login
2023-09-27 15:32:09 INFO  Tcarts_FP:59 - Users
2023-09-27 15:32:10 INFO  Tcarts_FP:69 - Student
2023-09-27 15:32:13 INFO  Tcarts_FP:147 - Edit User
2023-09-27 15:32:47 INFO  Tcarts_FP:28 - URL
2023-09-27 15:32:49 INFO  Tcarts_FP:42 - Login
2023-09-27 15:32:51 INFO  Tcarts_FP:59 - Dashboard
2023-09-27 15:33:03 INFO  Tcarts_FP:93 - Sales
2023-09-27 15:33:04 INFO  Tcarts_FP:103 - Receipt List
2023-09-27 15:33:06 INFO  Tcarts_FP:111 - Payment Pending
2023-09-27 15:33:08 INFO  Tcarts_FP:119 - In Progress
2023-09-27 15:33:10 INFO  Tcarts_FP:127 - Failed
2023-09-27 15:33:34 INFO  Tcarts_FP:178 - Cancelled
2023-09-27 15:33:54 INFO  Tcarts_FP:225 - Paid
2023-09-27 15:34:18 INFO  Tcarts_FP:276 - All
2023-09-27 15:34:30 INFO  Tcarts_FP:311 - Order List
2023-09-27 15:34:33 INFO  Tcarts_FP:319 - Not Delivered
2023-09-27 15:34:51 INFO  Tcarts_FP:356 - Partially Delivered
2023-09-27 15:35:03 INFO  Tcarts_FP:384 - Delivered
2023-09-27 15:35:20 INFO  Tcarts_FP:421 - Cancelled
2023-09-27 15:35:38 INFO  Tcarts_FP:458 - All
2023-09-27 15:35:50 INFO  Tcarts_FP:493 - Order Refund List
2023-09-27 15:35:53 INFO  Tcarts_FP:501 - Pending
2023-09-27 15:35:57 INFO  Tcarts_FP:511 - Refund Initiated
2023-09-27 15:36:09 INFO  Tcarts_FP:544 - Partial Refund Initiated
2023-09-27 15:36:13 INFO  Tcarts_FP:553 - Refunded
2023-09-27 15:36:17 INFO  Tcarts_FP:562 - Partially Refunded
2023-09-27 15:36:21 INFO  Tcarts_FP:571 - Declined
2023-09-27 15:36:25 INFO  Tcarts_FP:580 - All
2023-09-27 15:36:34 INFO  Tcarts_FP:605 - GST
2023-09-27 15:36:36 INFO  Tcarts_FP:793 - GST Report
2023-09-27 15:36:42 INFO  Tcarts_FP:615 - Sales Report
2023-09-27 15:37:48 INFO  Tcarts_FP:823 - Stock Report
2023-09-27 15:39:20 INFO  Tcarts_FP:1030 - App Feedback
2023-09-27 15:39:33 INFO  Tcarts_FP:1065 - Logout
2023-09-27 15:41:53 INFO  Tcarts_FP:28 - URL
2023-09-27 15:41:55 INFO  Tcarts_FP:42 - Login
2023-09-27 15:41:57 INFO  Tcarts_FP:59 - Dashboard
2023-09-27 15:42:09 INFO  Tcarts_FP:93 - Sales
2023-09-27 15:42:10 INFO  Tcarts_FP:103 - Receipt List
2023-09-27 15:42:12 INFO  Tcarts_FP:111 - Payment Pending
2023-09-27 15:42:14 INFO  Tcarts_FP:119 - In Progress
2023-09-27 15:42:16 INFO  Tcarts_FP:127 - Failed
2023-09-27 15:42:40 INFO  Tcarts_FP:178 - Cancelled
2023-09-27 15:42:59 INFO  Tcarts_FP:225 - Paid
2023-09-27 15:43:23 INFO  Tcarts_FP:276 - All
2023-09-27 15:43:36 INFO  Tcarts_FP:311 - Order List
2023-09-27 15:43:38 INFO  Tcarts_FP:319 - Not Delivered
2023-09-27 15:43:56 INFO  Tcarts_FP:356 - Partially Delivered
2023-09-27 15:44:08 INFO  Tcarts_FP:384 - Delivered
2023-09-27 15:44:25 INFO  Tcarts_FP:421 - Cancelled
2023-09-27 15:44:42 INFO  Tcarts_FP:458 - All
2023-09-27 15:44:55 INFO  Tcarts_FP:493 - Order Refund List
2023-09-27 15:44:57 INFO  Tcarts_FP:501 - Pending
2023-09-27 15:45:01 INFO  Tcarts_FP:511 - Refund Initiated
2023-09-27 15:45:13 INFO  Tcarts_FP:544 - Partial Refund Initiated
2023-09-27 15:45:18 INFO  Tcarts_FP:553 - Refunded
2023-09-27 15:45:22 INFO  Tcarts_FP:562 - Partially Refunded
2023-09-27 15:45:26 INFO  Tcarts_FP:571 - Declined
2023-09-27 15:45:30 INFO  Tcarts_FP:580 - All
2023-09-27 15:45:39 INFO  Tcarts_FP:605 - GST
2023-09-27 15:45:40 INFO  Tcarts_FP:793 - GST Report
2023-09-27 15:45:47 INFO  Tcarts_FP:615 - Sales Report
2023-09-27 15:46:52 INFO  Tcarts_FP:823 - Stock Report
2023-09-27 15:48:24 INFO  Tcarts_FP:1030 - App Feedback
2023-09-27 15:48:36 INFO  Tcarts_FP:1065 - Logout
2023-09-27 15:58:21 INFO  Tcarts_FP:28 - URL
2023-09-27 15:58:22 INFO  Tcarts_FP:42 - Login
2023-09-27 15:58:25 INFO  Tcarts_FP:59 - Users
2023-09-27 15:58:26 INFO  Tcarts_FP:69 - Student
2023-09-27 15:58:29 INFO  Tcarts_FP:147 - Edit User
2023-09-27 16:12:07 INFO  Tcarts_FP:28 - URL
2023-09-27 16:12:09 INFO  Tcarts_FP:42 - Login
2023-09-27 16:12:11 INFO  Tcarts_FP:59 - Users
2023-09-27 16:12:13 INFO  Tcarts_FP:69 - Student
2023-09-27 16:12:15 INFO  Tcarts_FP:147 - Edit User
2023-09-27 16:28:18 INFO  Tcarts_FP:28 - URL
2023-09-27 16:28:19 INFO  Tcarts_FP:42 - Login
2023-09-27 16:28:21 INFO  Tcarts_FP:59 - Users
2023-09-27 16:28:22 INFO  Tcarts_FP:69 - Student
2023-09-27 16:28:25 INFO  Tcarts_FP:147 - Edit User
2023-09-27 16:34:17 INFO  Tcarts_FP:29 - URL
2023-09-27 16:34:19 INFO  Tcarts_FP:43 - Login
2023-09-27 16:34:21 INFO  Tcarts_FP:60 - Users
2023-09-27 16:34:22 INFO  Tcarts_FP:70 - Student
2023-09-27 16:34:25 INFO  Tcarts_FP:148 - Edit User
2023-09-27 16:35:54 INFO  Tcarts_FP:29 - URL
2023-09-27 16:35:55 INFO  Tcarts_FP:43 - Login
2023-09-27 16:35:57 INFO  Tcarts_FP:60 - Users
2023-09-27 16:35:58 INFO  Tcarts_FP:70 - Student
2023-09-27 16:36:01 INFO  Tcarts_FP:148 - Edit User
2023-09-27 16:36:08 INFO  Tcarts_FP:177 - View User
2023-09-27 16:36:11 INFO  Tcarts_FP:192 - Delete User
2023-09-27 16:37:31 INFO  Tcarts_FP:29 - URL
2023-09-27 16:37:32 INFO  Tcarts_FP:43 - Login
2023-09-27 16:37:34 INFO  Tcarts_FP:60 - Users
2023-09-27 16:37:35 INFO  Tcarts_FP:70 - Student
2023-09-27 16:37:38 INFO  Tcarts_FP:148 - Edit User
2023-09-27 16:39:18 INFO  Tcarts_FP:29 - URL
2023-09-27 16:39:20 INFO  Tcarts_FP:43 - Login
2023-09-27 16:39:22 INFO  Tcarts_FP:60 - Users
2023-09-27 16:39:23 INFO  Tcarts_FP:70 - Student
2023-09-27 16:39:26 INFO  Tcarts_FP:78 - Create User
2023-09-27 16:39:34 INFO  Tcarts_FP:148 - Edit User
2023-09-27 16:39:41 INFO  Tcarts_FP:177 - View User
2023-09-27 16:39:44 INFO  Tcarts_FP:192 - Delete User
2023-09-27 16:40:21 INFO  Tcarts_FP:29 - URL
2023-09-27 16:40:22 INFO  Tcarts_FP:43 - Login
2023-09-27 16:40:24 INFO  Tcarts_FP:60 - Users
2023-09-27 16:40:26 INFO  Tcarts_FP:70 - Student
2023-09-27 16:40:28 INFO  Tcarts_FP:78 - Create User
2023-09-27 16:40:38 INFO  Tcarts_FP:148 - Edit User
2023-09-27 16:41:41 INFO  Tcarts_FP:29 - URL
2023-09-27 16:41:42 INFO  Tcarts_FP:43 - Login
2023-09-27 16:41:44 INFO  Tcarts_FP:60 - Users
2023-09-27 16:41:45 INFO  Tcarts_FP:70 - Student
2023-09-27 16:41:48 INFO  Tcarts_FP:78 - Create User
2023-09-27 16:41:56 INFO  Tcarts_FP:148 - Edit User
2023-09-27 16:42:03 INFO  Tcarts_FP:177 - View User
2023-09-27 16:42:06 INFO  Tcarts_FP:192 - Delete User
2023-09-27 16:44:04 INFO  Tcarts_FP:29 - URL
2023-09-27 16:44:05 INFO  Tcarts_FP:43 - Login
2023-09-27 16:44:08 INFO  Tcarts_FP:60 - Users
2023-09-27 16:44:09 INFO  Tcarts_FP:70 - Student
2023-09-27 16:44:12 INFO  Tcarts_FP:78 - Create User
2023-09-27 16:44:20 INFO  Tcarts_FP:148 - Edit User
2023-09-27 16:44:27 INFO  Tcarts_FP:177 - View User
2023-09-27 16:44:30 INFO  Tcarts_FP:192 - Delete User
2023-09-27 16:44:53 INFO  Tcarts_FP:29 - URL
2023-09-27 16:44:54 INFO  Tcarts_FP:43 - Login
2023-09-27 16:44:56 INFO  Tcarts_FP:60 - Users
2023-09-27 16:44:57 INFO  Tcarts_FP:70 - Student
2023-09-27 16:45:00 INFO  Tcarts_FP:78 - Create User
2023-09-27 16:45:10 INFO  Tcarts_FP:148 - Edit User
2023-09-27 16:45:26 INFO  Tcarts_FP:29 - URL
2023-09-27 16:45:28 INFO  Tcarts_FP:43 - Login
2023-09-27 16:45:30 INFO  Tcarts_FP:60 - Users
2023-09-27 16:45:31 INFO  Tcarts_FP:70 - Student
2023-09-27 16:45:34 INFO  Tcarts_FP:78 - Create User
2023-09-27 16:45:42 INFO  Tcarts_FP:148 - Edit User
2023-09-27 16:45:48 INFO  Tcarts_FP:177 - View User
2023-09-27 16:45:52 INFO  Tcarts_FP:192 - Delete User
2023-09-27 16:48:41 INFO  Tcarts_FP:29 - URL
2023-09-27 16:48:42 INFO  Tcarts_FP:43 - Login
2023-09-27 16:48:44 INFO  Tcarts_FP:60 - Users
2023-09-27 16:48:45 INFO  Tcarts_FP:70 - Student
2023-09-27 16:48:48 INFO  Tcarts_FP:78 - Create User
2023-09-27 16:48:58 INFO  Tcarts_FP:148 - Edit User
2023-09-27 16:49:29 INFO  Tcarts_FP:29 - URL
2023-09-27 16:49:30 INFO  Tcarts_FP:43 - Login
2023-09-27 16:49:32 INFO  Tcarts_FP:60 - Users
2023-09-27 16:49:33 INFO  Tcarts_FP:70 - Student
2023-09-27 16:49:36 INFO  Tcarts_FP:78 - Create User
2023-09-27 16:49:44 INFO  Tcarts_FP:148 - Edit User
2023-09-27 16:49:51 INFO  Tcarts_FP:178 - View User
2023-09-27 16:49:54 INFO  Tcarts_FP:194 - Delete User
2023-09-27 16:56:09 INFO  Tcarts_FP:28 - URL
2023-09-27 16:56:10 INFO  Tcarts_FP:42 - Login
2023-09-27 16:56:13 INFO  Tcarts_FP:59 - Dashboard
2023-09-27 16:56:24 INFO  Tcarts_FP:93 - Sales
2023-09-27 16:56:26 INFO  Tcarts_FP:103 - Receipt List
2023-09-27 16:56:27 INFO  Tcarts_FP:111 - Payment Pending
2023-09-27 16:56:30 INFO  Tcarts_FP:119 - In Progress
2023-09-27 16:56:32 INFO  Tcarts_FP:127 - Failed
2023-09-27 16:56:55 INFO  Tcarts_FP:178 - Cancelled
2023-09-27 16:57:15 INFO  Tcarts_FP:225 - Paid
2023-09-27 16:57:39 INFO  Tcarts_FP:276 - All
2023-09-27 16:57:51 INFO  Tcarts_FP:311 - Order List
2023-09-27 16:57:54 INFO  Tcarts_FP:319 - Not Delivered
2023-09-27 16:58:13 INFO  Tcarts_FP:356 - Partially Delivered
2023-09-27 16:58:25 INFO  Tcarts_FP:384 - Delivered
2023-09-27 16:58:42 INFO  Tcarts_FP:421 - Cancelled
2023-09-27 16:58:59 INFO  Tcarts_FP:458 - All
2023-09-27 16:59:11 INFO  Tcarts_FP:493 - Order Refund List
2023-09-27 16:59:14 INFO  Tcarts_FP:501 - Pending
2023-09-27 16:59:18 INFO  Tcarts_FP:511 - Refund Initiated
2023-09-27 16:59:30 INFO  Tcarts_FP:544 - Partial Refund Initiated
2023-09-27 16:59:34 INFO  Tcarts_FP:553 - Refunded
2023-09-27 16:59:38 INFO  Tcarts_FP:562 - Partially Refunded
2023-09-27 16:59:42 INFO  Tcarts_FP:571 - Declined
2023-09-27 16:59:46 INFO  Tcarts_FP:580 - All
2023-09-27 16:59:55 INFO  Tcarts_FP:605 - GST
2023-09-27 16:59:57 INFO  Tcarts_FP:793 - GST Report
2023-09-27 17:00:04 INFO  Tcarts_FP:615 - Sales Report
2023-09-27 17:01:09 INFO  Tcarts_FP:823 - Stock Report
2023-09-27 17:02:41 INFO  Tcarts_FP:1030 - App Feedback
2023-09-27 17:02:53 INFO  Tcarts_FP:1065 - Logout
2023-09-27 17:29:01 INFO  Tcarts_FP:29 - URL
2023-09-27 17:29:02 INFO  Tcarts_FP:43 - Login
2023-09-27 17:29:05 INFO  Tcarts_FP:60 - Users
2023-09-27 17:29:06 INFO  Tcarts_FP:206 - Staff
2023-09-27 17:29:08 INFO  Tcarts_FP:214 - Create User
2023-09-27 17:30:42 INFO  Tcarts_FP:29 - URL
2023-09-27 17:30:44 INFO  Tcarts_FP:43 - Login
2023-09-27 17:30:46 INFO  Tcarts_FP:60 - Users
2023-09-27 17:30:47 INFO  Tcarts_FP:206 - Staff
2023-09-27 17:30:50 INFO  Tcarts_FP:214 - Create User
2023-09-27 17:30:57 INFO  Tcarts_FP:258 - Edit User
2023-09-27 17:31:42 INFO  Tcarts_FP:29 - URL
2023-09-27 17:31:43 INFO  Tcarts_FP:43 - Login
2023-09-27 17:31:45 INFO  Tcarts_FP:60 - Users
2023-09-27 17:31:47 INFO  Tcarts_FP:206 - Staff
2023-09-27 17:31:49 INFO  Tcarts_FP:214 - Create User
2023-09-27 17:31:56 INFO  Tcarts_FP:258 - Edit User
2023-09-27 17:34:23 INFO  Tcarts_FP:29 - URL
2023-09-27 17:34:24 INFO  Tcarts_FP:43 - Login
2023-09-27 17:34:26 INFO  Tcarts_FP:60 - Users
2023-09-27 17:34:27 INFO  Tcarts_FP:206 - Staff
2023-09-27 17:34:30 INFO  Tcarts_FP:214 - Create User
2023-09-27 17:34:37 INFO  Tcarts_FP:258 - Edit User
2023-09-27 17:39:21 INFO  Tcarts_FP:29 - URL
2023-09-27 17:39:23 INFO  Tcarts_FP:43 - Login
2023-09-27 17:39:25 INFO  Tcarts_FP:60 - Users
2023-09-27 17:39:26 INFO  Tcarts_FP:206 - Staff
2023-09-27 17:39:29 INFO  Tcarts_FP:214 - Create User
2023-09-27 17:39:35 INFO  Tcarts_FP:258 - Edit User
2023-09-27 17:40:22 INFO  Tcarts_FP:29 - URL
2023-09-27 17:40:23 INFO  Tcarts_FP:43 - Login
2023-09-27 17:40:25 INFO  Tcarts_FP:60 - Users
2023-09-27 17:40:26 INFO  Tcarts_FP:206 - Staff
2023-09-27 17:40:29 INFO  Tcarts_FP:214 - Create User
2023-09-27 17:40:36 INFO  Tcarts_FP:258 - Edit User
2023-09-27 17:41:28 INFO  Tcarts_FP:29 - URL
2023-09-27 17:41:29 INFO  Tcarts_FP:43 - Login
2023-09-27 17:41:31 INFO  Tcarts_FP:60 - Users
2023-09-27 17:41:32 INFO  Tcarts_FP:206 - Staff
2023-09-27 17:41:35 INFO  Tcarts_FP:214 - Create User
2023-09-27 17:41:42 INFO  Tcarts_FP:258 - Edit User
2023-09-27 17:42:34 INFO  Tcarts_FP:29 - URL
2023-09-27 17:42:35 INFO  Tcarts_FP:43 - Login
2023-09-27 17:42:37 INFO  Tcarts_FP:60 - Users
2023-09-27 17:42:38 INFO  Tcarts_FP:206 - Staff
2023-09-27 17:42:41 INFO  Tcarts_FP:214 - Create User
2023-09-27 17:42:47 INFO  Tcarts_FP:258 - Edit User
2023-09-27 17:45:38 INFO  Tcarts_FP:29 - URL
2023-09-27 17:45:40 INFO  Tcarts_FP:43 - Login
2023-09-27 17:45:42 INFO  Tcarts_FP:60 - Users
2023-09-27 17:45:43 INFO  Tcarts_FP:206 - Staff
2023-09-27 17:45:46 INFO  Tcarts_FP:214 - Create User
2023-09-27 17:45:52 INFO  Tcarts_FP:258 - Edit User
2023-09-27 17:48:52 INFO  Tcarts_FP:29 - URL
2023-09-27 17:48:53 INFO  Tcarts_FP:43 - Login
2023-09-27 17:48:56 INFO  Tcarts_FP:60 - Users
2023-09-27 17:48:57 INFO  Tcarts_FP:206 - Staff
2023-09-27 17:48:59 INFO  Tcarts_FP:214 - Create User
2023-09-27 17:49:06 INFO  Tcarts_FP:258 - Edit User
2023-09-27 17:49:13 INFO  Tcarts_FP:286 - View User
2023-09-27 17:50:40 INFO  Tcarts_FP:29 - URL
2023-09-27 17:50:41 INFO  Tcarts_FP:43 - Login
2023-09-27 17:50:44 INFO  Tcarts_FP:60 - Users
2023-09-27 17:50:45 INFO  Tcarts_FP:206 - Staff
2023-09-27 17:50:47 INFO  Tcarts_FP:214 - Create User
2023-09-27 17:50:54 INFO  Tcarts_FP:258 - Edit User
2023-09-27 17:51:01 INFO  Tcarts_FP:286 - View User
2023-09-27 17:51:04 INFO  Tcarts_FP:301 - Delete User
2023-09-27 17:54:15 INFO  Tcarts_FP:29 - URL
2023-09-27 17:54:17 INFO  Tcarts_FP:43 - Login
2023-09-27 17:54:19 INFO  Tcarts_FP:60 - Users
2023-09-27 17:54:20 INFO  Tcarts_FP:206 - Staff
2023-09-27 17:54:23 INFO  Tcarts_FP:214 - Create User
2023-09-27 17:54:30 INFO  Tcarts_FP:258 - Edit User
2023-09-27 17:54:37 INFO  Tcarts_FP:286 - View User
2023-09-27 17:54:40 INFO  Tcarts_FP:301 - Delete User
2023-09-27 18:10:10 INFO  Tcarts_FP:29 - URL
2023-09-27 18:10:12 INFO  Tcarts_FP:43 - Login
2023-09-27 18:10:13 INFO  Tcarts_FP:60 - Users
2023-09-27 18:10:15 INFO  Tcarts_FP:206 - Staff
2023-09-27 18:10:18 INFO  Tcarts_FP:214 - Create User
2023-09-27 18:10:24 INFO  Tcarts_FP:258 - Edit User
2023-09-27 18:10:31 INFO  Tcarts_FP:288 - View User
2023-09-27 18:10:34 INFO  Tcarts_FP:303 - Delete User
2023-09-27 18:14:20 INFO  Tcarts_FP:29 - URL
2023-09-27 18:14:22 INFO  Tcarts_FP:43 - Login
2023-09-27 18:14:24 INFO  Tcarts_FP:60 - Users
2023-09-27 18:14:25 INFO  Tcarts_FP:209 - Staff
2023-09-27 18:14:28 INFO  Tcarts_FP:217 - Create User
2023-09-27 18:14:34 INFO  Tcarts_FP:261 - Edit User
2023-09-27 18:14:41 INFO  Tcarts_FP:291 - View User
2023-09-27 18:14:44 INFO  Tcarts_FP:307 - Delete User
2023-09-27 18:23:51 INFO  Tcarts_FP:29 - URL
2023-09-27 18:23:52 INFO  Tcarts_FP:43 - Login
2023-09-27 18:23:55 INFO  Tcarts_FP:60 - Users
2023-09-27 18:23:56 INFO  Tcarts_FP:335 - Users-Guest
2023-09-27 18:26:22 INFO  Tcarts_FP:29 - URL
2023-09-27 18:26:23 INFO  Tcarts_FP:43 - Login
2023-09-27 18:26:25 INFO  Tcarts_FP:60 - Users
2023-09-27 18:26:26 INFO  Tcarts_FP:335 - Users-Guest
2023-09-27 18:28:45 INFO  Tcarts_FP:29 - URL
2023-09-27 18:28:46 INFO  Tcarts_FP:43 - Login
2023-09-27 18:28:49 INFO  Tcarts_FP:60 - Users
2023-09-27 18:28:50 INFO  Tcarts_FP:335 - Users-Guest
2023-09-27 18:30:30 INFO  Tcarts_FP:29 - URL
2023-09-27 18:30:31 INFO  Tcarts_FP:43 - Login
2023-09-27 18:30:33 INFO  Tcarts_FP:60 - Users
2023-09-27 18:30:35 INFO  Tcarts_FP:335 - Users-Guest
2023-09-27 18:32:06 INFO  Tcarts_FP:29 - URL
2023-09-27 18:32:07 INFO  Tcarts_FP:43 - Login
2023-09-27 18:32:10 INFO  Tcarts_FP:60 - Users
2023-09-27 18:32:11 INFO  Tcarts_FP:335 - Users-Guest
2023-09-27 18:57:48 INFO  Tcarts_FP:29 - URL
2023-09-27 18:57:49 INFO  Tcarts_FP:43 - Login
2023-09-27 18:57:51 INFO  Tcarts_FP:60 - Users
2023-09-27 18:57:52 INFO  Tcarts_FP:335 - Canteen Staff
2023-09-27 18:57:54 INFO  Tcarts_FP:340 - Create User
2023-09-27 19:00:09 INFO  Tcarts_FP:29 - URL
2023-09-27 19:00:11 INFO  Tcarts_FP:43 - Login
2023-09-27 19:00:13 INFO  Tcarts_FP:60 - Users
2023-09-27 19:00:14 INFO  Tcarts_FP:335 - Canteen Staff
2023-09-27 19:00:16 INFO  Tcarts_FP:340 - Create User
2023-09-27 19:00:25 INFO  Tcarts_FP:362 - Edit User
2023-09-27 19:00:30 INFO  Tcarts_FP:379 - View User
2023-09-27 19:00:33 INFO  Tcarts_FP:388 - Delete User
2023-09-27 19:00:49 INFO  Tcarts_FP:29 - URL
2023-09-27 19:00:50 INFO  Tcarts_FP:43 - Login
2023-09-27 19:00:52 INFO  Tcarts_FP:60 - Users
2023-09-27 19:00:53 INFO  Tcarts_FP:335 - Canteen Staff
2023-09-27 19:00:55 INFO  Tcarts_FP:340 - Create User
2023-09-27 19:01:04 INFO  Tcarts_FP:362 - Edit User
2023-09-27 19:01:09 INFO  Tcarts_FP:379 - View User
2023-09-27 19:01:13 INFO  Tcarts_FP:388 - Delete User
2023-09-27 19:13:17 INFO  Tcarts_FP:29 - URL
2023-09-27 19:13:18 INFO  Tcarts_FP:43 - Login
2023-09-27 19:13:20 INFO  Tcarts_FP:60 - Users
2023-09-27 19:13:21 INFO  Tcarts_FP:335 - Canteen Staff
2023-09-27 19:13:23 INFO  Tcarts_FP:340 - Create User
2023-09-27 19:13:32 INFO  Tcarts_FP:387 - Edit User
2023-09-27 19:14:20 INFO  Tcarts_FP:29 - URL
2023-09-27 19:14:22 INFO  Tcarts_FP:43 - Login
2023-09-27 19:14:24 INFO  Tcarts_FP:60 - Users
2023-09-27 19:14:25 INFO  Tcarts_FP:335 - Canteen Staff
2023-09-27 19:14:26 INFO  Tcarts_FP:340 - Create User
2023-09-27 19:14:36 INFO  Tcarts_FP:387 - Edit User
2023-09-27 19:15:45 INFO  Tcarts_FP:29 - URL
2023-09-27 19:15:46 INFO  Tcarts_FP:43 - Login
2023-09-27 19:15:48 INFO  Tcarts_FP:60 - Users
2023-09-27 19:15:49 INFO  Tcarts_FP:335 - Canteen Staff
2023-09-27 19:15:51 INFO  Tcarts_FP:340 - Create User
2023-09-27 19:16:00 INFO  Tcarts_FP:387 - Edit User
2023-09-27 19:16:06 INFO  Tcarts_FP:417 - View User
2023-09-27 19:16:09 INFO  Tcarts_FP:433 - Delete User
2023-09-27 19:18:30 INFO  Tcarts_FP:29 - URL
2023-09-27 19:18:32 INFO  Tcarts_FP:43 - Login
2023-09-27 19:18:34 INFO  Tcarts_FP:60 - Users
2023-09-27 19:18:35 INFO  Tcarts_FP:70 - Student
2023-09-27 19:18:38 INFO  Tcarts_FP:78 - Create User
2023-09-27 19:18:47 INFO  Tcarts_FP:151 - Edit User
2023-09-27 19:18:54 INFO  Tcarts_FP:215 - Staff
2023-09-27 19:18:56 INFO  Tcarts_FP:223 - Create User
2023-09-27 19:19:04 INFO  Tcarts_FP:270 - Edit User
2023-09-27 19:19:11 INFO  Tcarts_FP:300 - View User
2023-09-27 19:19:14 INFO  Tcarts_FP:316 - Delete User
2023-09-27 19:19:19 INFO  Tcarts_FP:335 - Canteen Staff
2023-09-27 19:19:20 INFO  Tcarts_FP:340 - Create User
2023-09-27 19:19:31 INFO  Tcarts_FP:387 - Edit User
2023-09-27 19:19:36 INFO  Tcarts_FP:417 - View User
2023-09-27 19:19:39 INFO  Tcarts_FP:433 - Delete User
2023-09-27 19:19:44 INFO  Tcarts_FP:452 - Users-Guest
2023-09-27 19:21:44 INFO  Tcarts_FP:29 - URL
2023-09-27 19:21:45 INFO  Tcarts_FP:43 - Login
2023-09-27 19:21:47 INFO  Tcarts_FP:60 - Users
2023-09-27 19:21:48 INFO  Tcarts_FP:70 - Student
2023-09-27 19:21:51 INFO  Tcarts_FP:78 - Create User
2023-09-27 19:22:02 INFO  Tcarts_FP:151 - Edit User
2023-09-27 19:22:02 INFO  Tcarts_FP:215 - Staff
2023-09-27 19:22:04 INFO  Tcarts_FP:223 - Create User
2023-09-27 19:22:04 INFO  Tcarts_FP:335 - Canteen Staff
2023-09-27 19:22:05 INFO  Tcarts_FP:340 - Create User
2023-09-27 19:22:07 INFO  Tcarts_FP:452 - Users-Guest
2023-09-27 19:22:31 INFO  Tcarts_FP:29 - URL
2023-09-27 19:22:32 INFO  Tcarts_FP:43 - Login
2023-09-27 19:22:34 INFO  Tcarts_FP:60 - Users
2023-09-27 19:22:35 INFO  Tcarts_FP:70 - Student
2023-09-27 19:22:38 INFO  Tcarts_FP:78 - Create User
2023-09-27 19:22:47 INFO  Tcarts_FP:151 - Edit User
2023-09-27 19:22:54 INFO  Tcarts_FP:181 - View User
2023-09-27 19:22:57 INFO  Tcarts_FP:197 - Delete User
2023-09-27 19:23:02 INFO  Tcarts_FP:215 - Staff
2023-09-27 19:23:04 INFO  Tcarts_FP:223 - Create User
2023-09-27 19:23:13 INFO  Tcarts_FP:270 - Edit User
2023-09-27 19:23:19 INFO  Tcarts_FP:300 - View User
2023-09-27 19:23:22 INFO  Tcarts_FP:316 - Delete User
2023-09-27 19:23:27 INFO  Tcarts_FP:335 - Canteen Staff
2023-09-27 19:23:28 INFO  Tcarts_FP:340 - Create User
2023-09-27 19:23:39 INFO  Tcarts_FP:387 - Edit User
2023-09-27 19:23:45 INFO  Tcarts_FP:417 - View User
2023-09-27 19:23:48 INFO  Tcarts_FP:433 - Delete User
2023-09-27 19:23:52 INFO  Tcarts_FP:452 - Users-Guest
2023-09-27 19:32:14 INFO  Tcarts_FP:29 - URL
2023-09-27 19:32:15 INFO  Tcarts_FP:43 - Login
2023-09-27 19:32:17 INFO  Tcarts_FP:60 - Users
2023-09-27 19:32:18 INFO  Tcarts_FP:70 - Student
2023-09-27 19:32:21 INFO  Tcarts_FP:78 - Create User
2023-09-27 19:32:32 INFO  Tcarts_FP:151 - Edit User
2023-09-27 19:32:32 INFO  Tcarts_FP:215 - Staff
2023-09-27 19:32:34 INFO  Tcarts_FP:223 - Create User
2023-09-27 19:32:34 INFO  Tcarts_FP:335 - Canteen Staff
2023-09-27 19:32:35 INFO  Tcarts_FP:340 - Create User
2023-09-27 19:32:37 INFO  Tcarts_FP:452 - Users-Guest
2023-09-27 19:32:53 INFO  Tcarts_FP:29 - URL
2023-09-27 19:32:54 INFO  Tcarts_FP:43 - Login
2023-09-27 19:32:56 INFO  Tcarts_FP:60 - Users
2023-09-27 19:32:58 INFO  Tcarts_FP:70 - Student
2023-09-27 19:33:00 INFO  Tcarts_FP:78 - Create User
2023-09-27 19:33:10 INFO  Tcarts_FP:151 - Edit User
2023-09-27 19:33:16 INFO  Tcarts_FP:215 - Staff
2023-09-27 19:33:19 INFO  Tcarts_FP:223 - Create User
2023-09-27 19:33:27 INFO  Tcarts_FP:270 - Edit User
2023-09-27 19:33:34 INFO  Tcarts_FP:300 - View User
2023-09-27 19:33:37 INFO  Tcarts_FP:316 - Delete User
2023-09-27 19:33:42 INFO  Tcarts_FP:335 - Canteen Staff
2023-09-27 19:33:43 INFO  Tcarts_FP:340 - Create User
2023-09-27 19:33:54 INFO  Tcarts_FP:387 - Edit User
2023-09-27 19:34:00 INFO  Tcarts_FP:417 - View User
2023-09-27 19:34:03 INFO  Tcarts_FP:433 - Delete User
2023-09-27 19:34:07 INFO  Tcarts_FP:452 - Users-Guest
2023-09-27 19:39:29 INFO  Tcarts_FP:29 - URL
2023-09-27 19:39:31 INFO  Tcarts_FP:43 - Login
2023-09-27 19:39:33 INFO  Tcarts_FP:60 - Users
2023-09-27 19:39:34 INFO  Tcarts_FP:70 - Student
2023-09-27 19:39:37 INFO  Tcarts_FP:78 - Create User
2023-09-27 19:39:45 INFO  Tcarts_FP:148 - Edit User
2023-09-27 19:40:25 INFO  Tcarts_FP:29 - URL
2023-09-27 19:40:27 INFO  Tcarts_FP:43 - Login
2023-09-27 19:40:29 INFO  Tcarts_FP:60 - Users
2023-09-27 19:40:30 INFO  Tcarts_FP:70 - Student
2023-09-27 19:40:33 INFO  Tcarts_FP:78 - Create User
2023-09-27 19:40:43 INFO  Tcarts_FP:148 - Edit User
2023-09-27 19:41:37 INFO  Tcarts_FP:29 - URL
2023-09-27 19:41:38 INFO  Tcarts_FP:43 - Login
2023-09-27 19:41:40 INFO  Tcarts_FP:60 - Users
2023-09-27 19:41:41 INFO  Tcarts_FP:70 - Student
2023-09-27 19:41:44 INFO  Tcarts_FP:78 - Create User
2023-09-27 19:41:52 INFO  Tcarts_FP:148 - Edit User
2023-09-27 19:43:05 INFO  Tcarts_FP:29 - URL
2023-09-27 19:43:06 INFO  Tcarts_FP:43 - Login
2023-09-27 19:43:09 INFO  Tcarts_FP:60 - Users
2023-09-27 19:43:10 INFO  Tcarts_FP:70 - Student
2023-09-27 19:43:13 INFO  Tcarts_FP:78 - Create User
2023-09-27 19:43:21 INFO  Tcarts_FP:148 - Edit User
2023-09-27 19:43:55 INFO  Tcarts_FP:29 - URL
2023-09-27 19:43:56 INFO  Tcarts_FP:43 - Login
2023-09-27 19:43:58 INFO  Tcarts_FP:60 - Users
2023-09-27 19:43:59 INFO  Tcarts_FP:70 - Student
2023-09-27 19:44:02 INFO  Tcarts_FP:78 - Create User
2023-09-27 19:44:10 INFO  Tcarts_FP:148 - Edit User
2023-09-27 19:44:17 INFO  Tcarts_FP:178 - View User
2023-09-27 19:44:21 INFO  Tcarts_FP:194 - Delete User
2023-09-28 10:31:49 INFO  Tcarts_FP:28 - URL
2023-09-28 10:31:51 INFO  Tcarts_FP:42 - Login
2023-09-28 10:31:53 INFO  Tcarts_FP:59 - Dashboard
2023-09-28 10:32:05 INFO  Tcarts_FP:93 - Sales
2023-09-28 10:32:06 INFO  Tcarts_FP:103 - Receipt List
2023-09-28 10:32:08 INFO  Tcarts_FP:111 - Payment Pending
2023-09-28 10:32:10 INFO  Tcarts_FP:119 - In Progress
2023-09-28 10:32:12 INFO  Tcarts_FP:127 - Failed
2023-09-28 10:32:36 INFO  Tcarts_FP:178 - Cancelled
2023-09-28 10:32:55 INFO  Tcarts_FP:225 - Paid
2023-09-28 10:33:02 INFO  Tcarts_FP:311 - Order List
2023-09-28 10:33:05 INFO  Tcarts_FP:319 - Not Delivered
2023-09-28 10:33:05 INFO  Tcarts_FP:493 - Order Refund List
2023-09-28 10:33:07 INFO  Tcarts_FP:501 - Pending
2023-09-28 10:33:07 INFO  Tcarts_FP:605 - GST
2023-09-28 10:33:08 INFO  Tcarts_FP:793 - GST Report
2023-09-28 10:33:10 INFO  Tcarts_FP:615 - Sales Report
2023-09-28 10:33:14 INFO  Tcarts_FP:823 - Stock Report
2023-09-28 10:33:17 INFO  Tcarts_FP:1030 - App Feedback
2023-09-28 10:33:19 INFO  Tcarts_FP:1065 - Logout
2023-09-28 19:22:32 INFO  Tcarts_FP:28 - URL
2023-09-28 19:22:34 INFO  Tcarts_FP:42 - Login
2023-09-28 19:22:36 INFO  Tcarts_FP:59 - Dashboard
2023-09-28 19:22:48 INFO  Tcarts_FP:93 - Sales
2023-09-28 19:22:50 INFO  Tcarts_FP:103 - Receipt List
2023-09-28 19:22:51 INFO  Tcarts_FP:111 - Payment Pending
2023-09-28 19:22:53 INFO  Tcarts_FP:119 - In Progress
2023-09-28 19:22:55 INFO  Tcarts_FP:127 - Failed
2023-09-28 19:23:03 INFO  Tcarts_FP:311 - Order List
2023-09-28 19:23:05 INFO  Tcarts_FP:319 - Not Delivered
2023-09-28 19:23:05 INFO  Tcarts_FP:493 - Order Refund List
2023-09-28 19:23:07 INFO  Tcarts_FP:501 - Pending
2023-09-28 19:23:07 INFO  Tcarts_FP:605 - GST
2023-09-28 19:23:08 INFO  Tcarts_FP:793 - GST Report
2023-09-28 19:23:10 INFO  Tcarts_FP:615 - Sales Report
